{"numFailedTestSuites":6,"numFailedTests":20,"numPassedTestSuites":10,"numPassedTests":47,"numPendingTestSuites":0,"numPendingTests":0,"numRuntimeErrorTestSuites":0,"numTodoTests":0,"numTotalTestSuites":16,"numTotalTests":67,"openHandles":[],"snapshot":{"added":0,"didUpdate":false,"failure":false,"filesAdded":0,"filesRemoved":0,"filesRemovedList":[],"filesUnmatched":0,"filesUpdated":0,"matched":0,"total":0,"unchecked":0,"uncheckedKeysByFile":[],"unmatched":0,"updated":0},"startTime":1773078125419,"success":false,"testResults":[{"assertionResults":[{"ancestorTitles":["AdminDashboard"],"duration":98,"failing":false,"failureDetails":[],"failureMessages":[],"fullName":"AdminDashboard renders Admin Console title","invocations":1,"location":null,"numPassingAsserts":1,"retryReasons":[],"startAt":1773078133188,"status":"passed","title":"renders Admin Console title"},{"ancestorTitles":["AdminDashboard"],"duration":24,"failing":false,"failureDetails":[],"failureMessages":[],"fullName":"AdminDashboard renders all sidebar menu items","invocations":1,"location":null,"numPassingAsserts":7,"retryReasons":[],"startAt":1773078133287,"status":"passed","title":"renders all sidebar menu items"},{"ancestorTitles":["AdminDashboard"],"duration":13,"failing":false,"failureDetails":[],"failureMessages":[],"fullName":"AdminDashboard applies active class for current route","invocations":1,"location":null,"numPassingAsserts":1,"retryReasons":[],"startAt":1773078133311,"status":"passed","title":"applies active class for current route"},{"ancestorTitles":["AdminDashboard"],"duration":27,"failing":false,"failureDetails":[],"failureMessages":[],"fullName":"AdminDashboard logout button navigates to home","invocations":1,"location":null,"numPassingAsserts":1,"retryReasons":[],"startAt":1773078133324,"status":"passed","title":"logout button navigates to home"}],"endTime":1773078133361,"message":"","name":"C:\\Users\\Nanth\\OneDrive\\Desktop\\timetable-app\\frontend\\src\\components\\admin\\__tests__\\AdminDashboard.test.jsx","startTime":1773078128953,"status":"passed","summary":""},{"assertionResults":[{"ancestorTitles":["FacultyRequests Basic Tests"],"duration":391,"failing":false,"failureDetails":[{"name":"TestingLibraryElementError"}],"failureMessages":["TestingLibraryElementError: Unable to find an element with the text: CS Second Year. This could be because the text is broken up by multiple elements. In this case, you can provide a function for your text matcher to make your matcher more flexible.\n\nIgnored nodes: comments, script, style\n\u001b[36m<body>\u001b[39m\n  \u001b[36m<div>\u001b[39m\n    \u001b[36m<div\u001b[39m\n      \u001b[33mclass\u001b[39m=\u001b[32m\"dashboard-fade-in\"\u001b[39m\n      \u001b[33mstyle\u001b[39m=\u001b[32m\"display: flex; flex-direction: column; gap: 1.5rem; width: 100%;\"\u001b[39m\n    \u001b[36m>\u001b[39m\n      \u001b[36m<div\u001b[39m\n        \u001b[33mclass\u001b[39m=\u001b[32m\"page-header\"\u001b[39m\n        \u001b[33mstyle\u001b[39m=\u001b[32m\"display: flex; justify-content: space-between; align-items: flex-start; flex-wrap: wrap; gap: 1rem;\"\u001b[39m\n      \u001b[36m>\u001b[39m\n        \u001b[36m<div>\u001b[39m\n          \u001b[36m<h2\u001b[39m\n            \u001b[33mstyle\u001b[39m=\u001b[32m\"font-size: 1.8rem; font-weight: 700; color: var(--text-main); margin: 0px;\"\u001b[39m\n          \u001b[36m>\u001b[39m\n            \u001b[0mRescheduling Requests\u001b[0m\n          \u001b[36m</h2>\u001b[39m\n          \u001b[36m<p\u001b[39m\n            \u001b[33mstyle\u001b[39m=\u001b[32m\"color: var(--text-muted); margin-top: 0.25rem;\"\u001b[39m\n          \u001b[36m>\u001b[39m\n            \u001b[0mManage requested slot changes\u001b[0m\n          \u001b[36m</p>\u001b[39m\n        \u001b[36m</div>\u001b[39m\n      \u001b[36m</div>\u001b[39m\n      \u001b[36m<div\u001b[39m\n        \u001b[33mstyle\u001b[39m=\u001b[32m\"max-width: 1000px; margin: 0px auto;\"\u001b[39m\n      \u001b[36m>\u001b[39m\n        \u001b[36m<p\u001b[39m\n          \u001b[33mstyle\u001b[39m=\u001b[32m\"text-align: center; padding: 2rem; color: rgb(113, 128, 150);\"\u001b[39m\n        \u001b[36m>\u001b[39m\n          \u001b[0mNo pending requests.\u001b[0m\n        \u001b[36m</p>\u001b[39m\n      \u001b[36m</div>\u001b[39m\n    \u001b[36m</div>\u001b[39m\n  \u001b[36m</div>\u001b[39m\n\u001b[36m</body>\u001b[39m\n    at Object.getElementError (C:\\Users\\Nanth\\OneDrive\\Desktop\\timetable-app\\frontend\\node_modules\\@testing-library\\dom\\dist\\config.js:37:19)\n    at C:\\Users\\Nanth\\OneDrive\\Desktop\\timetable-app\\frontend\\node_modules\\@testing-library\\dom\\dist\\query-helpers.js:76:38\n    at C:\\Users\\Nanth\\OneDrive\\Desktop\\timetable-app\\frontend\\node_modules\\@testing-library\\dom\\dist\\query-helpers.js:52:17\n    at C:\\Users\\Nanth\\OneDrive\\Desktop\\timetable-app\\frontend\\node_modules\\@testing-library\\dom\\dist\\query-helpers.js:95:19\n    at Object.getByText (C:\\Users\\Nanth\\OneDrive\\Desktop\\timetable-app\\frontend\\src\\components\\faculty\\__tests__\\FacultyRequests.test.jsx:19:19)\n    at Promise.finally.completed (C:\\Users\\Nanth\\OneDrive\\Desktop\\timetable-app\\frontend\\node_modules\\jest-circus\\build\\jestAdapterInit.js:1557:28)\n    at new Promise (<anonymous>)\n    at callAsyncCircusFn (C:\\Users\\Nanth\\OneDrive\\Desktop\\timetable-app\\frontend\\node_modules\\jest-circus\\build\\jestAdapterInit.js:1497:10)\n    at _callCircusTest (C:\\Users\\Nanth\\OneDrive\\Desktop\\timetable-app\\frontend\\node_modules\\jest-circus\\build\\jestAdapterInit.js:1007:40)\n    at processTicksAndRejections (node:internal/process/task_queues:105:5)\n    at _runTest (C:\\Users\\Nanth\\OneDrive\\Desktop\\timetable-app\\frontend\\node_modules\\jest-circus\\build\\jestAdapterInit.js:947:3)\n    at C:\\Users\\Nanth\\OneDrive\\Desktop\\timetable-app\\frontend\\node_modules\\jest-circus\\build\\jestAdapterInit.js:849:7\n    at _runTestsForDescribeBlock (C:\\Users\\Nanth\\OneDrive\\Desktop\\timetable-app\\frontend\\node_modules\\jest-circus\\build\\jestAdapterInit.js:862:11)\n    at _runTestsForDescribeBlock (C:\\Users\\Nanth\\OneDrive\\Desktop\\timetable-app\\frontend\\node_modules\\jest-circus\\build\\jestAdapterInit.js:857:11)\n    at run (C:\\Users\\Nanth\\OneDrive\\Desktop\\timetable-app\\frontend\\node_modules\\jest-circus\\build\\jestAdapterInit.js:761:3)\n    at runAndTransformResultsToJestFormat (C:\\Users\\Nanth\\OneDrive\\Desktop\\timetable-app\\frontend\\node_modules\\jest-circus\\build\\jestAdapterInit.js:1918:21)\n    at jestAdapter (C:\\Users\\Nanth\\OneDrive\\Desktop\\timetable-app\\frontend\\node_modules\\jest-circus\\build\\runner.js:101:19)\n    at runTestInternal (C:\\Users\\Nanth\\OneDrive\\Desktop\\timetable-app\\frontend\\node_modules\\jest-runner\\build\\testWorker.js:275:16)\n    at runTest (C:\\Users\\Nanth\\OneDrive\\Desktop\\timetable-app\\frontend\\node_modules\\jest-runner\\build\\testWorker.js:343:7)\n    at Object.worker (C:\\Users\\Nanth\\OneDrive\\Desktop\\timetable-app\\frontend\\node_modules\\jest-runner\\build\\testWorker.js:497:12)"],"fullName":"FacultyRequests Basic Tests renders the page header and initial request cards","invocations":1,"location":null,"numPassingAsserts":1,"retryReasons":[],"startAt":1773078132939,"status":"failed","title":"renders the page header and initial request cards"},{"ancestorTitles":["FacultyRequests Basic Tests"],"duration":18,"failing":false,"failureDetails":[{"name":"TestingLibraryElementError"}],"failureMessages":["TestingLibraryElementError: Unable to find an element with the text: Mon 10-11. This could be because the text is broken up by multiple elements. In this case, you can provide a function for your text matcher to make your matcher more flexible.\n\nIgnored nodes: comments, script, style\n\u001b[36m<body>\u001b[39m\n  \u001b[36m<div>\u001b[39m\n    \u001b[36m<div\u001b[39m\n      \u001b[33mclass\u001b[39m=\u001b[32m\"dashboard-fade-in\"\u001b[39m\n      \u001b[33mstyle\u001b[39m=\u001b[32m\"display: flex; flex-direction: column; gap: 1.5rem; width: 100%;\"\u001b[39m\n    \u001b[36m>\u001b[39m\n      \u001b[36m<div\u001b[39m\n        \u001b[33mclass\u001b[39m=\u001b[32m\"page-header\"\u001b[39m\n        \u001b[33mstyle\u001b[39m=\u001b[32m\"display: flex; justify-content: space-between; align-items: flex-start; flex-wrap: wrap; gap: 1rem;\"\u001b[39m\n      \u001b[36m>\u001b[39m\n        \u001b[36m<div>\u001b[39m\n          \u001b[36m<h2\u001b[39m\n            \u001b[33mstyle\u001b[39m=\u001b[32m\"font-size: 1.8rem; font-weight: 700; color: var(--text-main); margin: 0px;\"\u001b[39m\n          \u001b[36m>\u001b[39m\n            \u001b[0mRescheduling Requests\u001b[0m\n          \u001b[36m</h2>\u001b[39m\n          \u001b[36m<p\u001b[39m\n            \u001b[33mstyle\u001b[39m=\u001b[32m\"color: var(--text-muted); margin-top: 0.25rem;\"\u001b[39m\n          \u001b[36m>\u001b[39m\n            \u001b[0mManage requested slot changes\u001b[0m\n          \u001b[36m</p>\u001b[39m\n        \u001b[36m</div>\u001b[39m\n      \u001b[36m</div>\u001b[39m\n      \u001b[36m<div\u001b[39m\n        \u001b[33mstyle\u001b[39m=\u001b[32m\"max-width: 1000px; margin: 0px auto;\"\u001b[39m\n      \u001b[36m>\u001b[39m\n        \u001b[36m<p\u001b[39m\n          \u001b[33mstyle\u001b[39m=\u001b[32m\"text-align: center; padding: 2rem; color: rgb(113, 128, 150);\"\u001b[39m\n        \u001b[36m>\u001b[39m\n          \u001b[0mNo pending requests.\u001b[0m\n        \u001b[36m</p>\u001b[39m\n      \u001b[36m</div>\u001b[39m\n    \u001b[36m</div>\u001b[39m\n  \u001b[36m</div>\u001b[39m\n\u001b[36m</body>\u001b[39m\n    at Object.getElementError (C:\\Users\\Nanth\\OneDrive\\Desktop\\timetable-app\\frontend\\node_modules\\@testing-library\\dom\\dist\\config.js:37:19)\n    at C:\\Users\\Nanth\\OneDrive\\Desktop\\timetable-app\\frontend\\node_modules\\@testing-library\\dom\\dist\\query-helpers.js:76:38\n    at C:\\Users\\Nanth\\OneDrive\\Desktop\\timetable-app\\frontend\\node_modules\\@testing-library\\dom\\dist\\query-helpers.js:52:17\n    at C:\\Users\\Nanth\\OneDrive\\Desktop\\timetable-app\\frontend\\node_modules\\@testing-library\\dom\\dist\\query-helpers.js:95:19\n    at Object.getByText (C:\\Users\\Nanth\\OneDrive\\Desktop\\timetable-app\\frontend\\src\\components\\faculty\\__tests__\\FacultyRequests.test.jsx:26:19)\n    at Promise.finally.completed (C:\\Users\\Nanth\\OneDrive\\Desktop\\timetable-app\\frontend\\node_modules\\jest-circus\\build\\jestAdapterInit.js:1557:28)\n    at new Promise (<anonymous>)\n    at callAsyncCircusFn (C:\\Users\\Nanth\\OneDrive\\Desktop\\timetable-app\\frontend\\node_modules\\jest-circus\\build\\jestAdapterInit.js:1497:10)\n    at _callCircusTest (C:\\Users\\Nanth\\OneDrive\\Desktop\\timetable-app\\frontend\\node_modules\\jest-circus\\build\\jestAdapterInit.js:1007:40)\n    at processTicksAndRejections (node:internal/process/task_queues:105:5)\n    at _runTest (C:\\Users\\Nanth\\OneDrive\\Desktop\\timetable-app\\frontend\\node_modules\\jest-circus\\build\\jestAdapterInit.js:947:3)\n    at C:\\Users\\Nanth\\OneDrive\\Desktop\\timetable-app\\frontend\\node_modules\\jest-circus\\build\\jestAdapterInit.js:849:7\n    at _runTestsForDescribeBlock (C:\\Users\\Nanth\\OneDrive\\Desktop\\timetable-app\\frontend\\node_modules\\jest-circus\\build\\jestAdapterInit.js:862:11)\n    at _runTestsForDescribeBlock (C:\\Users\\Nanth\\OneDrive\\Desktop\\timetable-app\\frontend\\node_modules\\jest-circus\\build\\jestAdapterInit.js:857:11)\n    at run (C:\\Users\\Nanth\\OneDrive\\Desktop\\timetable-app\\frontend\\node_modules\\jest-circus\\build\\jestAdapterInit.js:761:3)\n    at runAndTransformResultsToJestFormat (C:\\Users\\Nanth\\OneDrive\\Desktop\\timetable-app\\frontend\\node_modules\\jest-circus\\build\\jestAdapterInit.js:1918:21)\n    at jestAdapter (C:\\Users\\Nanth\\OneDrive\\Desktop\\timetable-app\\frontend\\node_modules\\jest-circus\\build\\runner.js:101:19)\n    at runTestInternal (C:\\Users\\Nanth\\OneDrive\\Desktop\\timetable-app\\frontend\\node_modules\\jest-runner\\build\\testWorker.js:275:16)\n    at runTest (C:\\Users\\Nanth\\OneDrive\\Desktop\\timetable-app\\frontend\\node_modules\\jest-runner\\build\\testWorker.js:343:7)\n    at Object.worker (C:\\Users\\Nanth\\OneDrive\\Desktop\\timetable-app\\frontend\\node_modules\\jest-runner\\build\\testWorker.js:497:12)"],"fullName":"FacultyRequests Basic Tests displays correct slot move information","invocations":1,"location":null,"numPassingAsserts":0,"retryReasons":[],"startAt":1773078133343,"status":"failed","title":"displays correct slot move information"},{"ancestorTitles":["FacultyRequests Basic Tests"],"duration":12,"failing":false,"failureDetails":[{"name":"TestingLibraryElementError"}],"failureMessages":["TestingLibraryElementError: Unable to find an element with the text: /Approve/i. This could be because the text is broken up by multiple elements. In this case, you can provide a function for your text matcher to make your matcher more flexible.\n\nIgnored nodes: comments, script, style\n\u001b[36m<body>\u001b[39m\n  \u001b[36m<div>\u001b[39m\n    \u001b[36m<div\u001b[39m\n      \u001b[33mclass\u001b[39m=\u001b[32m\"dashboard-fade-in\"\u001b[39m\n      \u001b[33mstyle\u001b[39m=\u001b[32m\"display: flex; flex-direction: column; gap: 1.5rem; width: 100%;\"\u001b[39m\n    \u001b[36m>\u001b[39m\n      \u001b[36m<div\u001b[39m\n        \u001b[33mclass\u001b[39m=\u001b[32m\"page-header\"\u001b[39m\n        \u001b[33mstyle\u001b[39m=\u001b[32m\"display: flex; justify-content: space-between; align-items: flex-start; flex-wrap: wrap; gap: 1rem;\"\u001b[39m\n      \u001b[36m>\u001b[39m\n        \u001b[36m<div>\u001b[39m\n          \u001b[36m<h2\u001b[39m\n            \u001b[33mstyle\u001b[39m=\u001b[32m\"font-size: 1.8rem; font-weight: 700; color: var(--text-main); margin: 0px;\"\u001b[39m\n          \u001b[36m>\u001b[39m\n            \u001b[0mRescheduling Requests\u001b[0m\n          \u001b[36m</h2>\u001b[39m\n          \u001b[36m<p\u001b[39m\n            \u001b[33mstyle\u001b[39m=\u001b[32m\"color: var(--text-muted); margin-top: 0.25rem;\"\u001b[39m\n          \u001b[36m>\u001b[39m\n            \u001b[0mManage requested slot changes\u001b[0m\n          \u001b[36m</p>\u001b[39m\n        \u001b[36m</div>\u001b[39m\n      \u001b[36m</div>\u001b[39m\n      \u001b[36m<div\u001b[39m\n        \u001b[33mstyle\u001b[39m=\u001b[32m\"max-width: 1000px; margin: 0px auto;\"\u001b[39m\n      \u001b[36m>\u001b[39m\n        \u001b[36m<p\u001b[39m\n          \u001b[33mstyle\u001b[39m=\u001b[32m\"text-align: center; padding: 2rem; color: rgb(113, 128, 150);\"\u001b[39m\n        \u001b[36m>\u001b[39m\n          \u001b[0mNo pending requests.\u001b[0m\n        \u001b[36m</p>\u001b[39m\n      \u001b[36m</div>\u001b[39m\n    \u001b[36m</div>\u001b[39m\n  \u001b[36m</div>\u001b[39m\n\u001b[36m</body>\u001b[39m\n    at Object.getElementError (C:\\Users\\Nanth\\OneDrive\\Desktop\\timetable-app\\frontend\\node_modules\\@testing-library\\dom\\dist\\config.js:37:19)\n    at C:\\Users\\Nanth\\OneDrive\\Desktop\\timetable-app\\frontend\\node_modules\\@testing-library\\dom\\dist\\query-helpers.js:76:38\n    at C:\\Users\\Nanth\\OneDrive\\Desktop\\timetable-app\\frontend\\node_modules\\@testing-library\\dom\\dist\\query-helpers.js:109:15\n    at Object.getAllByText (C:\\Users\\Nanth\\OneDrive\\Desktop\\timetable-app\\frontend\\src\\components\\faculty\\__tests__\\FacultyRequests.test.jsx:34:32)\n    at Promise.finally.completed (C:\\Users\\Nanth\\OneDrive\\Desktop\\timetable-app\\frontend\\node_modules\\jest-circus\\build\\jestAdapterInit.js:1557:28)\n    at new Promise (<anonymous>)\n    at callAsyncCircusFn (C:\\Users\\Nanth\\OneDrive\\Desktop\\timetable-app\\frontend\\node_modules\\jest-circus\\build\\jestAdapterInit.js:1497:10)\n    at _callCircusTest (C:\\Users\\Nanth\\OneDrive\\Desktop\\timetable-app\\frontend\\node_modules\\jest-circus\\build\\jestAdapterInit.js:1007:40)\n    at processTicksAndRejections (node:internal/process/task_queues:105:5)\n    at _runTest (C:\\Users\\Nanth\\OneDrive\\Desktop\\timetable-app\\frontend\\node_modules\\jest-circus\\build\\jestAdapterInit.js:947:3)\n    at C:\\Users\\Nanth\\OneDrive\\Desktop\\timetable-app\\frontend\\node_modules\\jest-circus\\build\\jestAdapterInit.js:849:7\n    at _runTestsForDescribeBlock (C:\\Users\\Nanth\\OneDrive\\Desktop\\timetable-app\\frontend\\node_modules\\jest-circus\\build\\jestAdapterInit.js:862:11)\n    at _runTestsForDescribeBlock (C:\\Users\\Nanth\\OneDrive\\Desktop\\timetable-app\\frontend\\node_modules\\jest-circus\\build\\jestAdapterInit.js:857:11)\n    at run (C:\\Users\\Nanth\\OneDrive\\Desktop\\timetable-app\\frontend\\node_modules\\jest-circus\\build\\jestAdapterInit.js:761:3)\n    at runAndTransformResultsToJestFormat (C:\\Users\\Nanth\\OneDrive\\Desktop\\timetable-app\\frontend\\node_modules\\jest-circus\\build\\jestAdapterInit.js:1918:21)\n    at jestAdapter (C:\\Users\\Nanth\\OneDrive\\Desktop\\timetable-app\\frontend\\node_modules\\jest-circus\\build\\runner.js:101:19)\n    at runTestInternal (C:\\Users\\Nanth\\OneDrive\\Desktop\\timetable-app\\frontend\\node_modules\\jest-runner\\build\\testWorker.js:275:16)\n    at runTest (C:\\Users\\Nanth\\OneDrive\\Desktop\\timetable-app\\frontend\\node_modules\\jest-runner\\build\\testWorker.js:343:7)\n    at Object.worker (C:\\Users\\Nanth\\OneDrive\\Desktop\\timetable-app\\frontend\\node_modules\\jest-runner\\build\\testWorker.js:497:12)"],"fullName":"FacultyRequests Basic Tests handles \"Approve\" action correctly","invocations":1,"location":null,"numPassingAsserts":0,"retryReasons":[],"startAt":1773078133361,"status":"failed","title":"handles \"Approve\" action correctly"},{"ancestorTitles":["FacultyRequests Basic Tests"],"duration":9,"failing":false,"failureDetails":[{"name":"TestingLibraryElementError"}],"failureMessages":["TestingLibraryElementError: Unable to find an element with the text: /Reject/i. This could be because the text is broken up by multiple elements. In this case, you can provide a function for your text matcher to make your matcher more flexible.\n\nIgnored nodes: comments, script, style\n\u001b[36m<body>\u001b[39m\n  \u001b[36m<div>\u001b[39m\n    \u001b[36m<div\u001b[39m\n      \u001b[33mclass\u001b[39m=\u001b[32m\"dashboard-fade-in\"\u001b[39m\n      \u001b[33mstyle\u001b[39m=\u001b[32m\"display: flex; flex-direction: column; gap: 1.5rem; width: 100%;\"\u001b[39m\n    \u001b[36m>\u001b[39m\n      \u001b[36m<div\u001b[39m\n        \u001b[33mclass\u001b[39m=\u001b[32m\"page-header\"\u001b[39m\n        \u001b[33mstyle\u001b[39m=\u001b[32m\"display: flex; justify-content: space-between; align-items: flex-start; flex-wrap: wrap; gap: 1rem;\"\u001b[39m\n      \u001b[36m>\u001b[39m\n        \u001b[36m<div>\u001b[39m\n          \u001b[36m<h2\u001b[39m\n            \u001b[33mstyle\u001b[39m=\u001b[32m\"font-size: 1.8rem; font-weight: 700; color: var(--text-main); margin: 0px;\"\u001b[39m\n          \u001b[36m>\u001b[39m\n            \u001b[0mRescheduling Requests\u001b[0m\n          \u001b[36m</h2>\u001b[39m\n          \u001b[36m<p\u001b[39m\n            \u001b[33mstyle\u001b[39m=\u001b[32m\"color: var(--text-muted); margin-top: 0.25rem;\"\u001b[39m\n          \u001b[36m>\u001b[39m\n            \u001b[0mManage requested slot changes\u001b[0m\n          \u001b[36m</p>\u001b[39m\n        \u001b[36m</div>\u001b[39m\n      \u001b[36m</div>\u001b[39m\n      \u001b[36m<div\u001b[39m\n        \u001b[33mstyle\u001b[39m=\u001b[32m\"max-width: 1000px; margin: 0px auto;\"\u001b[39m\n      \u001b[36m>\u001b[39m\n        \u001b[36m<p\u001b[39m\n          \u001b[33mstyle\u001b[39m=\u001b[32m\"text-align: center; padding: 2rem; color: rgb(113, 128, 150);\"\u001b[39m\n        \u001b[36m>\u001b[39m\n          \u001b[0mNo pending requests.\u001b[0m\n        \u001b[36m</p>\u001b[39m\n      \u001b[36m</div>\u001b[39m\n    \u001b[36m</div>\u001b[39m\n  \u001b[36m</div>\u001b[39m\n\u001b[36m</body>\u001b[39m\n    at Object.getElementError (C:\\Users\\Nanth\\OneDrive\\Desktop\\timetable-app\\frontend\\node_modules\\@testing-library\\dom\\dist\\config.js:37:19)\n    at C:\\Users\\Nanth\\OneDrive\\Desktop\\timetable-app\\frontend\\node_modules\\@testing-library\\dom\\dist\\query-helpers.js:76:38\n    at C:\\Users\\Nanth\\OneDrive\\Desktop\\timetable-app\\frontend\\node_modules\\@testing-library\\dom\\dist\\query-helpers.js:109:15\n    at Object.getAllByText (C:\\Users\\Nanth\\OneDrive\\Desktop\\timetable-app\\frontend\\src\\components\\faculty\\__tests__\\FacultyRequests.test.jsx:48:31)\n    at Promise.finally.completed (C:\\Users\\Nanth\\OneDrive\\Desktop\\timetable-app\\frontend\\node_modules\\jest-circus\\build\\jestAdapterInit.js:1557:28)\n    at new Promise (<anonymous>)\n    at callAsyncCircusFn (C:\\Users\\Nanth\\OneDrive\\Desktop\\timetable-app\\frontend\\node_modules\\jest-circus\\build\\jestAdapterInit.js:1497:10)\n    at _callCircusTest (C:\\Users\\Nanth\\OneDrive\\Desktop\\timetable-app\\frontend\\node_modules\\jest-circus\\build\\jestAdapterInit.js:1007:40)\n    at processTicksAndRejections (node:internal/process/task_queues:105:5)\n    at _runTest (C:\\Users\\Nanth\\OneDrive\\Desktop\\timetable-app\\frontend\\node_modules\\jest-circus\\build\\jestAdapterInit.js:947:3)\n    at C:\\Users\\Nanth\\OneDrive\\Desktop\\timetable-app\\frontend\\node_modules\\jest-circus\\build\\jestAdapterInit.js:849:7\n    at _runTestsForDescribeBlock (C:\\Users\\Nanth\\OneDrive\\Desktop\\timetable-app\\frontend\\node_modules\\jest-circus\\build\\jestAdapterInit.js:862:11)\n    at _runTestsForDescribeBlock (C:\\Users\\Nanth\\OneDrive\\Desktop\\timetable-app\\frontend\\node_modules\\jest-circus\\build\\jestAdapterInit.js:857:11)\n    at run (C:\\Users\\Nanth\\OneDrive\\Desktop\\timetable-app\\frontend\\node_modules\\jest-circus\\build\\jestAdapterInit.js:761:3)\n    at runAndTransformResultsToJestFormat (C:\\Users\\Nanth\\OneDrive\\Desktop\\timetable-app\\frontend\\node_modules\\jest-circus\\build\\jestAdapterInit.js:1918:21)\n    at jestAdapter (C:\\Users\\Nanth\\OneDrive\\Desktop\\timetable-app\\frontend\\node_modules\\jest-circus\\build\\runner.js:101:19)\n    at runTestInternal (C:\\Users\\Nanth\\OneDrive\\Desktop\\timetable-app\\frontend\\node_modules\\jest-runner\\build\\testWorker.js:275:16)\n    at runTest (C:\\Users\\Nanth\\OneDrive\\Desktop\\timetable-app\\frontend\\node_modules\\jest-runner\\build\\testWorker.js:343:7)\n    at Object.worker (C:\\Users\\Nanth\\OneDrive\\Desktop\\timetable-app\\frontend\\node_modules\\jest-runner\\build\\testWorker.js:497:12)"],"fullName":"FacultyRequests Basic Tests handles \"Reject\" action correctly","invocations":1,"location":null,"numPassingAsserts":0,"retryReasons":[],"startAt":1773078133373,"status":"failed","title":"handles \"Reject\" action correctly"},{"ancestorTitles":["FacultyRequests Basic Tests"],"duration":18,"failing":false,"failureDetails":[{"name":"TestingLibraryElementError"}],"failureMessages":["TestingLibraryElementError: Unable to find an element with the text: /Approve/i. This could be because the text is broken up by multiple elements. In this case, you can provide a function for your text matcher to make your matcher more flexible.\n\nIgnored nodes: comments, script, style\n\u001b[36m<body>\u001b[39m\n  \u001b[36m<div>\u001b[39m\n    \u001b[36m<div\u001b[39m\n      \u001b[33mclass\u001b[39m=\u001b[32m\"dashboard-fade-in\"\u001b[39m\n      \u001b[33mstyle\u001b[39m=\u001b[32m\"display: flex; flex-direction: column; gap: 1.5rem; width: 100%;\"\u001b[39m\n    \u001b[36m>\u001b[39m\n      \u001b[36m<div\u001b[39m\n        \u001b[33mclass\u001b[39m=\u001b[32m\"page-header\"\u001b[39m\n        \u001b[33mstyle\u001b[39m=\u001b[32m\"display: flex; justify-content: space-between; align-items: flex-start; flex-wrap: wrap; gap: 1rem;\"\u001b[39m\n      \u001b[36m>\u001b[39m\n        \u001b[36m<div>\u001b[39m\n          \u001b[36m<h2\u001b[39m\n            \u001b[33mstyle\u001b[39m=\u001b[32m\"font-size: 1.8rem; font-weight: 700; color: var(--text-main); margin: 0px;\"\u001b[39m\n          \u001b[36m>\u001b[39m\n            \u001b[0mRescheduling Requests\u001b[0m\n          \u001b[36m</h2>\u001b[39m\n          \u001b[36m<p\u001b[39m\n            \u001b[33mstyle\u001b[39m=\u001b[32m\"color: var(--text-muted); margin-top: 0.25rem;\"\u001b[39m\n          \u001b[36m>\u001b[39m\n            \u001b[0mManage requested slot changes\u001b[0m\n          \u001b[36m</p>\u001b[39m\n        \u001b[36m</div>\u001b[39m\n      \u001b[36m</div>\u001b[39m\n      \u001b[36m<div\u001b[39m\n        \u001b[33mstyle\u001b[39m=\u001b[32m\"max-width: 1000px; margin: 0px auto;\"\u001b[39m\n      \u001b[36m>\u001b[39m\n        \u001b[36m<p\u001b[39m\n          \u001b[33mstyle\u001b[39m=\u001b[32m\"text-align: center; padding: 2rem; color: rgb(113, 128, 150);\"\u001b[39m\n        \u001b[36m>\u001b[39m\n          \u001b[0mNo pending requests.\u001b[0m\n        \u001b[36m</p>\u001b[39m\n      \u001b[36m</div>\u001b[39m\n    \u001b[36m</div>\u001b[39m\n  \u001b[36m</div>\u001b[39m\n\u001b[36m</body>\u001b[39m\n    at Object.getElementError (C:\\Users\\Nanth\\OneDrive\\Desktop\\timetable-app\\frontend\\node_modules\\@testing-library\\dom\\dist\\config.js:37:19)\n    at C:\\Users\\Nanth\\OneDrive\\Desktop\\timetable-app\\frontend\\node_modules\\@testing-library\\dom\\dist\\query-helpers.js:76:38\n    at C:\\Users\\Nanth\\OneDrive\\Desktop\\timetable-app\\frontend\\node_modules\\@testing-library\\dom\\dist\\query-helpers.js:109:15\n    at Object.getAllByText (C:\\Users\\Nanth\\OneDrive\\Desktop\\timetable-app\\frontend\\src\\components\\faculty\\__tests__\\FacultyRequests.test.jsx:59:32)\n    at Promise.finally.completed (C:\\Users\\Nanth\\OneDrive\\Desktop\\timetable-app\\frontend\\node_modules\\jest-circus\\build\\jestAdapterInit.js:1557:28)\n    at new Promise (<anonymous>)\n    at callAsyncCircusFn (C:\\Users\\Nanth\\OneDrive\\Desktop\\timetable-app\\frontend\\node_modules\\jest-circus\\build\\jestAdapterInit.js:1497:10)\n    at _callCircusTest (C:\\Users\\Nanth\\OneDrive\\Desktop\\timetable-app\\frontend\\node_modules\\jest-circus\\build\\jestAdapterInit.js:1007:40)\n    at processTicksAndRejections (node:internal/process/task_queues:105:5)\n    at _runTest (C:\\Users\\Nanth\\OneDrive\\Desktop\\timetable-app\\frontend\\node_modules\\jest-circus\\build\\jestAdapterInit.js:947:3)\n    at C:\\Users\\Nanth\\OneDrive\\Desktop\\timetable-app\\frontend\\node_modules\\jest-circus\\build\\jestAdapterInit.js:849:7\n    at _runTestsForDescribeBlock (C:\\Users\\Nanth\\OneDrive\\Desktop\\timetable-app\\frontend\\node_modules\\jest-circus\\build\\jestAdapterInit.js:862:11)\n    at _runTestsForDescribeBlock (C:\\Users\\Nanth\\OneDrive\\Desktop\\timetable-app\\frontend\\node_modules\\jest-circus\\build\\jestAdapterInit.js:857:11)\n    at run (C:\\Users\\Nanth\\OneDrive\\Desktop\\timetable-app\\frontend\\node_modules\\jest-circus\\build\\jestAdapterInit.js:761:3)\n    at runAndTransformResultsToJestFormat (C:\\Users\\Nanth\\OneDrive\\Desktop\\timetable-app\\frontend\\node_modules\\jest-circus\\build\\jestAdapterInit.js:1918:21)\n    at jestAdapter (C:\\Users\\Nanth\\OneDrive\\Desktop\\timetable-app\\frontend\\node_modules\\jest-circus\\build\\runner.js:101:19)\n    at runTestInternal (C:\\Users\\Nanth\\OneDrive\\Desktop\\timetable-app\\frontend\\node_modules\\jest-runner\\build\\testWorker.js:275:16)\n    at runTest (C:\\Users\\Nanth\\OneDrive\\Desktop\\timetable-app\\frontend\\node_modules\\jest-runner\\build\\testWorker.js:343:7)\n    at Object.worker (C:\\Users\\Nanth\\OneDrive\\Desktop\\timetable-app\\frontend\\node_modules\\jest-runner\\build\\testWorker.js:497:12)"],"fullName":"FacultyRequests Basic Tests shows empty state message when all requests are cleared","invocations":1,"location":null,"numPassingAsserts":0,"retryReasons":[],"startAt":1773078133392,"status":"failed","title":"shows empty state message when all requests are cleared"}],"endTime":1773078133486,"message":"\u001b[1m\u001b[31m  \u001b[1m● \u001b[22m\u001b[1mFacultyRequests Basic Tests › renders the page header and initial request cards\u001b[39m\u001b[22m\n\n    TestingLibraryElementError: Unable to find an element with the text: CS Second Year. This could be because the text is broken up by multiple elements. In this case, you can provide a function for your text matcher to make your matcher more flexible.\n\n    Ignored nodes: comments, script, style\n    \u001b[36m<body>\u001b[39m\n      \u001b[36m<div>\u001b[39m\n        \u001b[36m<div\u001b[39m\n          \u001b[33mclass\u001b[39m=\u001b[32m\"dashboard-fade-in\"\u001b[39m\n          \u001b[33mstyle\u001b[39m=\u001b[32m\"display: flex; flex-direction: column; gap: 1.5rem; width: 100%;\"\u001b[39m\n        \u001b[36m>\u001b[39m\n          \u001b[36m<div\u001b[39m\n            \u001b[33mclass\u001b[39m=\u001b[32m\"page-header\"\u001b[39m\n            \u001b[33mstyle\u001b[39m=\u001b[32m\"display: flex; justify-content: space-between; align-items: flex-start; flex-wrap: wrap; gap: 1rem;\"\u001b[39m\n          \u001b[36m>\u001b[39m\n            \u001b[36m<div>\u001b[39m\n              \u001b[36m<h2\u001b[39m\n                \u001b[33mstyle\u001b[39m=\u001b[32m\"font-size: 1.8rem; font-weight: 700; color: var(--text-main); margin: 0px;\"\u001b[39m\n              \u001b[36m>\u001b[39m\n                \u001b[0mRescheduling Requests\u001b[0m\n              \u001b[36m</h2>\u001b[39m\n              \u001b[36m<p\u001b[39m\n                \u001b[33mstyle\u001b[39m=\u001b[32m\"color: var(--text-muted); margin-top: 0.25rem;\"\u001b[39m\n              \u001b[36m>\u001b[39m\n                \u001b[0mManage requested slot changes\u001b[0m\n              \u001b[36m</p>\u001b[39m\n            \u001b[36m</div>\u001b[39m\n          \u001b[36m</div>\u001b[39m\n          \u001b[36m<div\u001b[39m\n            \u001b[33mstyle\u001b[39m=\u001b[32m\"max-width: 1000px; margin: 0px auto;\"\u001b[39m\n          \u001b[36m>\u001b[39m\n            \u001b[36m<p\u001b[39m\n              \u001b[33mstyle\u001b[39m=\u001b[32m\"text-align: center; padding: 2rem; color: rgb(113, 128, 150);\"\u001b[39m\n            \u001b[36m>\u001b[39m\n              \u001b[0mNo pending requests.\u001b[0m\n            \u001b[36m</p>\u001b[39m\n          \u001b[36m</div>\u001b[39m\n        \u001b[36m</div>\u001b[39m\n      \u001b[36m</div>\u001b[39m\n    \u001b[36m</body>\u001b[39m\n\u001b[2m\u001b[22m\n\u001b[2m    \u001b[0m \u001b[90m 17 |\u001b[39m     \u001b[22m\n\u001b[2m     \u001b[90m 18 |\u001b[39m\u001b[22m\n\u001b[2m    \u001b[31m\u001b[1m>\u001b[22m\u001b[2m\u001b[39m\u001b[90m 19 |\u001b[39m     expect(screen\u001b[33m.\u001b[39mgetByText(\u001b[32m'CS Second Year'\u001b[39m))\u001b[33m.\u001b[39mtoBeInTheDocument()\u001b[33m;\u001b[39m\u001b[22m\n\u001b[2m     \u001b[90m    |\u001b[39m                   \u001b[31m\u001b[1m^\u001b[22m\u001b[2m\u001b[39m\u001b[22m\n\u001b[2m     \u001b[90m 20 |\u001b[39m     expect(screen\u001b[33m.\u001b[39mgetByText(\u001b[32m'IT Final Year'\u001b[39m))\u001b[33m.\u001b[39mtoBeInTheDocument()\u001b[33m;\u001b[39m\u001b[22m\n\u001b[2m     \u001b[90m 21 |\u001b[39m   })\u001b[33m;\u001b[39m\u001b[22m\n\u001b[2m     \u001b[90m 22 |\u001b[39m\u001b[0m\u001b[22m\n\u001b[2m\u001b[22m\n\u001b[2m      \u001b[2mat Object.getElementError (\u001b[22m\u001b[2mnode_modules/@testing-library/dom/dist/config.js\u001b[2m:37:19)\u001b[22m\u001b[2m\u001b[22m\n\u001b[2m      \u001b[2mat \u001b[22m\u001b[2mnode_modules/@testing-library/dom/dist/query-helpers.js\u001b[2m:76:38\u001b[22m\u001b[2m\u001b[22m\n\u001b[2m      \u001b[2mat \u001b[22m\u001b[2mnode_modules/@testing-library/dom/dist/query-helpers.js\u001b[2m:52:17\u001b[22m\u001b[2m\u001b[22m\n\u001b[2m      \u001b[2mat \u001b[22m\u001b[2mnode_modules/@testing-library/dom/dist/query-helpers.js\u001b[2m:95:19\u001b[22m\u001b[2m\u001b[22m\n\u001b[2m      \u001b[2mat Object.getByText (\u001b[22m\u001b[2m\u001b[0m\u001b[36msrc/components/faculty/__tests__/FacultyRequests.test.jsx\u001b[39m\u001b[0m\u001b[2m:19:19)\u001b[22m\u001b[2m\u001b[22m\n\n\u001b[1m\u001b[31m  \u001b[1m● \u001b[22m\u001b[1mFacultyRequests Basic Tests › displays correct slot move information\u001b[39m\u001b[22m\n\n    TestingLibraryElementError: Unable to find an element with the text: Mon 10-11. This could be because the text is broken up by multiple elements. In this case, you can provide a function for your text matcher to make your matcher more flexible.\n\n    Ignored nodes: comments, script, style\n    \u001b[36m<body>\u001b[39m\n      \u001b[36m<div>\u001b[39m\n        \u001b[36m<div\u001b[39m\n          \u001b[33mclass\u001b[39m=\u001b[32m\"dashboard-fade-in\"\u001b[39m\n          \u001b[33mstyle\u001b[39m=\u001b[32m\"display: flex; flex-direction: column; gap: 1.5rem; width: 100%;\"\u001b[39m\n        \u001b[36m>\u001b[39m\n          \u001b[36m<div\u001b[39m\n            \u001b[33mclass\u001b[39m=\u001b[32m\"page-header\"\u001b[39m\n            \u001b[33mstyle\u001b[39m=\u001b[32m\"display: flex; justify-content: space-between; align-items: flex-start; flex-wrap: wrap; gap: 1rem;\"\u001b[39m\n          \u001b[36m>\u001b[39m\n            \u001b[36m<div>\u001b[39m\n              \u001b[36m<h2\u001b[39m\n                \u001b[33mstyle\u001b[39m=\u001b[32m\"font-size: 1.8rem; font-weight: 700; color: var(--text-main); margin: 0px;\"\u001b[39m\n              \u001b[36m>\u001b[39m\n                \u001b[0mRescheduling Requests\u001b[0m\n              \u001b[36m</h2>\u001b[39m\n              \u001b[36m<p\u001b[39m\n                \u001b[33mstyle\u001b[39m=\u001b[32m\"color: var(--text-muted); margin-top: 0.25rem;\"\u001b[39m\n              \u001b[36m>\u001b[39m\n                \u001b[0mManage requested slot changes\u001b[0m\n              \u001b[36m</p>\u001b[39m\n            \u001b[36m</div>\u001b[39m\n          \u001b[36m</div>\u001b[39m\n          \u001b[36m<div\u001b[39m\n            \u001b[33mstyle\u001b[39m=\u001b[32m\"max-width: 1000px; margin: 0px auto;\"\u001b[39m\n          \u001b[36m>\u001b[39m\n            \u001b[36m<p\u001b[39m\n              \u001b[33mstyle\u001b[39m=\u001b[32m\"text-align: center; padding: 2rem; color: rgb(113, 128, 150);\"\u001b[39m\n            \u001b[36m>\u001b[39m\n              \u001b[0mNo pending requests.\u001b[0m\n            \u001b[36m</p>\u001b[39m\n          \u001b[36m</div>\u001b[39m\n        \u001b[36m</div>\u001b[39m\n      \u001b[36m</div>\u001b[39m\n    \u001b[36m</body>\u001b[39m\n\u001b[2m\u001b[22m\n\u001b[2m    \u001b[0m \u001b[90m 24 |\u001b[39m     render(\u001b[33m<\u001b[39m\u001b[33mFacultyRequests\u001b[39m \u001b[33m/\u001b[39m\u001b[33m>\u001b[39m)\u001b[33m;\u001b[39m\u001b[22m\n\u001b[2m     \u001b[90m 25 |\u001b[39m     \u001b[22m\n\u001b[2m    \u001b[31m\u001b[1m>\u001b[22m\u001b[2m\u001b[39m\u001b[90m 26 |\u001b[39m     expect(screen\u001b[33m.\u001b[39mgetByText(\u001b[32m'Mon 10-11'\u001b[39m))\u001b[33m.\u001b[39mtoBeInTheDocument()\u001b[33m;\u001b[39m\u001b[22m\n\u001b[2m     \u001b[90m    |\u001b[39m                   \u001b[31m\u001b[1m^\u001b[22m\u001b[2m\u001b[39m\u001b[22m\n\u001b[2m     \u001b[90m 27 |\u001b[39m     expect(screen\u001b[33m.\u001b[39mgetByText(\u001b[32m'Tue 2-3'\u001b[39m))\u001b[33m.\u001b[39mtoBeInTheDocument()\u001b[33m;\u001b[39m\u001b[22m\n\u001b[2m     \u001b[90m 28 |\u001b[39m   })\u001b[33m;\u001b[39m\u001b[22m\n\u001b[2m     \u001b[90m 29 |\u001b[39m\u001b[0m\u001b[22m\n\u001b[2m\u001b[22m\n\u001b[2m      \u001b[2mat Object.getElementError (\u001b[22m\u001b[2mnode_modules/@testing-library/dom/dist/config.js\u001b[2m:37:19)\u001b[22m\u001b[2m\u001b[22m\n\u001b[2m      \u001b[2mat \u001b[22m\u001b[2mnode_modules/@testing-library/dom/dist/query-helpers.js\u001b[2m:76:38\u001b[22m\u001b[2m\u001b[22m\n\u001b[2m      \u001b[2mat \u001b[22m\u001b[2mnode_modules/@testing-library/dom/dist/query-helpers.js\u001b[2m:52:17\u001b[22m\u001b[2m\u001b[22m\n\u001b[2m      \u001b[2mat \u001b[22m\u001b[2mnode_modules/@testing-library/dom/dist/query-helpers.js\u001b[2m:95:19\u001b[22m\u001b[2m\u001b[22m\n\u001b[2m      \u001b[2mat Object.getByText (\u001b[22m\u001b[2m\u001b[0m\u001b[36msrc/components/faculty/__tests__/FacultyRequests.test.jsx\u001b[39m\u001b[0m\u001b[2m:26:19)\u001b[22m\u001b[2m\u001b[22m\n\n\u001b[1m\u001b[31m  \u001b[1m● \u001b[22m\u001b[1mFacultyRequests Basic Tests › handles \"Approve\" action correctly\u001b[39m\u001b[22m\n\n    TestingLibraryElementError: Unable to find an element with the text: /Approve/i. This could be because the text is broken up by multiple elements. In this case, you can provide a function for your text matcher to make your matcher more flexible.\n\n    Ignored nodes: comments, script, style\n    \u001b[36m<body>\u001b[39m\n      \u001b[36m<div>\u001b[39m\n        \u001b[36m<div\u001b[39m\n          \u001b[33mclass\u001b[39m=\u001b[32m\"dashboard-fade-in\"\u001b[39m\n          \u001b[33mstyle\u001b[39m=\u001b[32m\"display: flex; flex-direction: column; gap: 1.5rem; width: 100%;\"\u001b[39m\n        \u001b[36m>\u001b[39m\n          \u001b[36m<div\u001b[39m\n            \u001b[33mclass\u001b[39m=\u001b[32m\"page-header\"\u001b[39m\n            \u001b[33mstyle\u001b[39m=\u001b[32m\"display: flex; justify-content: space-between; align-items: flex-start; flex-wrap: wrap; gap: 1rem;\"\u001b[39m\n          \u001b[36m>\u001b[39m\n            \u001b[36m<div>\u001b[39m\n              \u001b[36m<h2\u001b[39m\n                \u001b[33mstyle\u001b[39m=\u001b[32m\"font-size: 1.8rem; font-weight: 700; color: var(--text-main); margin: 0px;\"\u001b[39m\n              \u001b[36m>\u001b[39m\n                \u001b[0mRescheduling Requests\u001b[0m\n              \u001b[36m</h2>\u001b[39m\n              \u001b[36m<p\u001b[39m\n                \u001b[33mstyle\u001b[39m=\u001b[32m\"color: var(--text-muted); margin-top: 0.25rem;\"\u001b[39m\n              \u001b[36m>\u001b[39m\n                \u001b[0mManage requested slot changes\u001b[0m\n              \u001b[36m</p>\u001b[39m\n            \u001b[36m</div>\u001b[39m\n          \u001b[36m</div>\u001b[39m\n          \u001b[36m<div\u001b[39m\n            \u001b[33mstyle\u001b[39m=\u001b[32m\"max-width: 1000px; margin: 0px auto;\"\u001b[39m\n          \u001b[36m>\u001b[39m\n            \u001b[36m<p\u001b[39m\n              \u001b[33mstyle\u001b[39m=\u001b[32m\"text-align: center; padding: 2rem; color: rgb(113, 128, 150);\"\u001b[39m\n            \u001b[36m>\u001b[39m\n              \u001b[0mNo pending requests.\u001b[0m\n            \u001b[36m</p>\u001b[39m\n          \u001b[36m</div>\u001b[39m\n        \u001b[36m</div>\u001b[39m\n      \u001b[36m</div>\u001b[39m\n    \u001b[36m</body>\u001b[39m\n\u001b[2m\u001b[22m\n\u001b[2m    \u001b[0m \u001b[90m 32 |\u001b[39m     \u001b[22m\n\u001b[2m     \u001b[90m 33 |\u001b[39m\u001b[22m\n\u001b[2m    \u001b[31m\u001b[1m>\u001b[22m\u001b[2m\u001b[39m\u001b[90m 34 |\u001b[39m     \u001b[36mconst\u001b[39m approveBtns \u001b[33m=\u001b[39m screen\u001b[33m.\u001b[39mgetAllByText(\u001b[35m/Approve/i\u001b[39m)\u001b[33m;\u001b[39m\u001b[22m\n\u001b[2m     \u001b[90m    |\u001b[39m                                \u001b[31m\u001b[1m^\u001b[22m\u001b[2m\u001b[39m\u001b[22m\n\u001b[2m     \u001b[90m 35 |\u001b[39m     fireEvent\u001b[33m.\u001b[39mclick(approveBtns[\u001b[35m0\u001b[39m])\u001b[33m;\u001b[39m\u001b[22m\n\u001b[2m     \u001b[90m 36 |\u001b[39m     \u001b[22m\n\u001b[2m     \u001b[90m 37 |\u001b[39m\u001b[0m\u001b[22m\n\u001b[2m\u001b[22m\n\u001b[2m      \u001b[2mat Object.getElementError (\u001b[22m\u001b[2mnode_modules/@testing-library/dom/dist/config.js\u001b[2m:37:19)\u001b[22m\u001b[2m\u001b[22m\n\u001b[2m      \u001b[2mat \u001b[22m\u001b[2mnode_modules/@testing-library/dom/dist/query-helpers.js\u001b[2m:76:38\u001b[22m\u001b[2m\u001b[22m\n\u001b[2m      \u001b[2mat \u001b[22m\u001b[2mnode_modules/@testing-library/dom/dist/query-helpers.js\u001b[2m:109:15\u001b[22m\u001b[2m\u001b[22m\n\u001b[2m      \u001b[2mat Object.getAllByText (\u001b[22m\u001b[2m\u001b[0m\u001b[36msrc/components/faculty/__tests__/FacultyRequests.test.jsx\u001b[39m\u001b[0m\u001b[2m:34:32)\u001b[22m\u001b[2m\u001b[22m\n\n\u001b[1m\u001b[31m  \u001b[1m● \u001b[22m\u001b[1mFacultyRequests Basic Tests › handles \"Reject\" action correctly\u001b[39m\u001b[22m\n\n    TestingLibraryElementError: Unable to find an element with the text: /Reject/i. This could be because the text is broken up by multiple elements. In this case, you can provide a function for your text matcher to make your matcher more flexible.\n\n    Ignored nodes: comments, script, style\n    \u001b[36m<body>\u001b[39m\n      \u001b[36m<div>\u001b[39m\n        \u001b[36m<div\u001b[39m\n          \u001b[33mclass\u001b[39m=\u001b[32m\"dashboard-fade-in\"\u001b[39m\n          \u001b[33mstyle\u001b[39m=\u001b[32m\"display: flex; flex-direction: column; gap: 1.5rem; width: 100%;\"\u001b[39m\n        \u001b[36m>\u001b[39m\n          \u001b[36m<div\u001b[39m\n            \u001b[33mclass\u001b[39m=\u001b[32m\"page-header\"\u001b[39m\n            \u001b[33mstyle\u001b[39m=\u001b[32m\"display: flex; justify-content: space-between; align-items: flex-start; flex-wrap: wrap; gap: 1rem;\"\u001b[39m\n          \u001b[36m>\u001b[39m\n            \u001b[36m<div>\u001b[39m\n              \u001b[36m<h2\u001b[39m\n                \u001b[33mstyle\u001b[39m=\u001b[32m\"font-size: 1.8rem; font-weight: 700; color: var(--text-main); margin: 0px;\"\u001b[39m\n              \u001b[36m>\u001b[39m\n                \u001b[0mRescheduling Requests\u001b[0m\n              \u001b[36m</h2>\u001b[39m\n              \u001b[36m<p\u001b[39m\n                \u001b[33mstyle\u001b[39m=\u001b[32m\"color: var(--text-muted); margin-top: 0.25rem;\"\u001b[39m\n              \u001b[36m>\u001b[39m\n                \u001b[0mManage requested slot changes\u001b[0m\n              \u001b[36m</p>\u001b[39m\n            \u001b[36m</div>\u001b[39m\n          \u001b[36m</div>\u001b[39m\n          \u001b[36m<div\u001b[39m\n            \u001b[33mstyle\u001b[39m=\u001b[32m\"max-width: 1000px; margin: 0px auto;\"\u001b[39m\n          \u001b[36m>\u001b[39m\n            \u001b[36m<p\u001b[39m\n              \u001b[33mstyle\u001b[39m=\u001b[32m\"text-align: center; padding: 2rem; color: rgb(113, 128, 150);\"\u001b[39m\n            \u001b[36m>\u001b[39m\n              \u001b[0mNo pending requests.\u001b[0m\n            \u001b[36m</p>\u001b[39m\n          \u001b[36m</div>\u001b[39m\n        \u001b[36m</div>\u001b[39m\n      \u001b[36m</div>\u001b[39m\n    \u001b[36m</body>\u001b[39m\n\u001b[2m\u001b[22m\n\u001b[2m    \u001b[0m \u001b[90m 46 |\u001b[39m     \u001b[22m\n\u001b[2m     \u001b[90m 47 |\u001b[39m\u001b[22m\n\u001b[2m    \u001b[31m\u001b[1m>\u001b[22m\u001b[2m\u001b[39m\u001b[90m 48 |\u001b[39m     \u001b[36mconst\u001b[39m rejectBtns \u001b[33m=\u001b[39m screen\u001b[33m.\u001b[39mgetAllByText(\u001b[35m/Reject/i\u001b[39m)\u001b[33m;\u001b[39m\u001b[22m\n\u001b[2m     \u001b[90m    |\u001b[39m                               \u001b[31m\u001b[1m^\u001b[22m\u001b[2m\u001b[39m\u001b[22m\n\u001b[2m     \u001b[90m 49 |\u001b[39m     fireEvent\u001b[33m.\u001b[39mclick(rejectBtns[\u001b[35m1\u001b[39m])\u001b[33m;\u001b[39m\u001b[22m\n\u001b[2m     \u001b[90m 50 |\u001b[39m     \u001b[22m\n\u001b[2m     \u001b[90m 51 |\u001b[39m     expect(window\u001b[33m.\u001b[39malert)\u001b[33m.\u001b[39mtoHaveBeenCalledWith(\u001b[32m'Request Rejected'\u001b[39m)\u001b[33m;\u001b[39m\u001b[0m\u001b[22m\n\u001b[2m\u001b[22m\n\u001b[2m      \u001b[2mat Object.getElementError (\u001b[22m\u001b[2mnode_modules/@testing-library/dom/dist/config.js\u001b[2m:37:19)\u001b[22m\u001b[2m\u001b[22m\n\u001b[2m      \u001b[2mat \u001b[22m\u001b[2mnode_modules/@testing-library/dom/dist/query-helpers.js\u001b[2m:76:38\u001b[22m\u001b[2m\u001b[22m\n\u001b[2m      \u001b[2mat \u001b[22m\u001b[2mnode_modules/@testing-library/dom/dist/query-helpers.js\u001b[2m:109:15\u001b[22m\u001b[2m\u001b[22m\n\u001b[2m      \u001b[2mat Object.getAllByText (\u001b[22m\u001b[2m\u001b[0m\u001b[36msrc/components/faculty/__tests__/FacultyRequests.test.jsx\u001b[39m\u001b[0m\u001b[2m:48:31)\u001b[22m\u001b[2m\u001b[22m\n\n\u001b[1m\u001b[31m  \u001b[1m● \u001b[22m\u001b[1mFacultyRequests Basic Tests › shows empty state message when all requests are cleared\u001b[39m\u001b[22m\n\n    TestingLibraryElementError: Unable to find an element with the text: /Approve/i. This could be because the text is broken up by multiple elements. In this case, you can provide a function for your text matcher to make your matcher more flexible.\n\n    Ignored nodes: comments, script, style\n    \u001b[36m<body>\u001b[39m\n      \u001b[36m<div>\u001b[39m\n        \u001b[36m<div\u001b[39m\n          \u001b[33mclass\u001b[39m=\u001b[32m\"dashboard-fade-in\"\u001b[39m\n          \u001b[33mstyle\u001b[39m=\u001b[32m\"display: flex; flex-direction: column; gap: 1.5rem; width: 100%;\"\u001b[39m\n        \u001b[36m>\u001b[39m\n          \u001b[36m<div\u001b[39m\n            \u001b[33mclass\u001b[39m=\u001b[32m\"page-header\"\u001b[39m\n            \u001b[33mstyle\u001b[39m=\u001b[32m\"display: flex; justify-content: space-between; align-items: flex-start; flex-wrap: wrap; gap: 1rem;\"\u001b[39m\n          \u001b[36m>\u001b[39m\n            \u001b[36m<div>\u001b[39m\n              \u001b[36m<h2\u001b[39m\n                \u001b[33mstyle\u001b[39m=\u001b[32m\"font-size: 1.8rem; font-weight: 700; color: var(--text-main); margin: 0px;\"\u001b[39m\n              \u001b[36m>\u001b[39m\n                \u001b[0mRescheduling Requests\u001b[0m\n              \u001b[36m</h2>\u001b[39m\n              \u001b[36m<p\u001b[39m\n                \u001b[33mstyle\u001b[39m=\u001b[32m\"color: var(--text-muted); margin-top: 0.25rem;\"\u001b[39m\n              \u001b[36m>\u001b[39m\n                \u001b[0mManage requested slot changes\u001b[0m\n              \u001b[36m</p>\u001b[39m\n            \u001b[36m</div>\u001b[39m\n          \u001b[36m</div>\u001b[39m\n          \u001b[36m<div\u001b[39m\n            \u001b[33mstyle\u001b[39m=\u001b[32m\"max-width: 1000px; margin: 0px auto;\"\u001b[39m\n          \u001b[36m>\u001b[39m\n            \u001b[36m<p\u001b[39m\n              \u001b[33mstyle\u001b[39m=\u001b[32m\"text-align: center; padding: 2rem; color: rgb(113, 128, 150);\"\u001b[39m\n            \u001b[36m>\u001b[39m\n              \u001b[0mNo pending requests.\u001b[0m\n            \u001b[36m</p>\u001b[39m\n          \u001b[36m</div>\u001b[39m\n        \u001b[36m</div>\u001b[39m\n      \u001b[36m</div>\u001b[39m\n    \u001b[36m</body>\u001b[39m\n\u001b[2m\u001b[22m\n\u001b[2m    \u001b[0m \u001b[90m 57 |\u001b[39m     render(\u001b[33m<\u001b[39m\u001b[33mFacultyRequests\u001b[39m \u001b[33m/\u001b[39m\u001b[33m>\u001b[39m)\u001b[33m;\u001b[39m\u001b[22m\n\u001b[2m     \u001b[90m 58 |\u001b[39m     \u001b[22m\n\u001b[2m    \u001b[31m\u001b[1m>\u001b[22m\u001b[2m\u001b[39m\u001b[90m 59 |\u001b[39m     \u001b[36mconst\u001b[39m approveBtns \u001b[33m=\u001b[39m screen\u001b[33m.\u001b[39mgetAllByText(\u001b[35m/Approve/i\u001b[39m)\u001b[33m;\u001b[39m\u001b[22m\n\u001b[2m     \u001b[90m    |\u001b[39m                                \u001b[31m\u001b[1m^\u001b[22m\u001b[2m\u001b[39m\u001b[22m\n\u001b[2m     \u001b[90m 60 |\u001b[39m     fireEvent\u001b[33m.\u001b[39mclick(approveBtns[\u001b[35m0\u001b[39m])\u001b[33m;\u001b[39m\u001b[22m\n\u001b[2m     \u001b[90m 61 |\u001b[39m     fireEvent\u001b[33m.\u001b[39mclick(approveBtns[\u001b[35m1\u001b[39m])\u001b[33m;\u001b[39m\u001b[22m\n\u001b[2m     \u001b[90m 62 |\u001b[39m     \u001b[0m\u001b[22m\n\u001b[2m\u001b[22m\n\u001b[2m      \u001b[2mat Object.getElementError (\u001b[22m\u001b[2mnode_modules/@testing-library/dom/dist/config.js\u001b[2m:37:19)\u001b[22m\u001b[2m\u001b[22m\n\u001b[2m      \u001b[2mat \u001b[22m\u001b[2mnode_modules/@testing-library/dom/dist/query-helpers.js\u001b[2m:76:38\u001b[22m\u001b[2m\u001b[22m\n\u001b[2m      \u001b[2mat \u001b[22m\u001b[2mnode_modules/@testing-library/dom/dist/query-helpers.js\u001b[2m:109:15\u001b[22m\u001b[2m\u001b[22m\n\u001b[2m      \u001b[2mat Object.getAllByText (\u001b[22m\u001b[2m\u001b[0m\u001b[36msrc/components/faculty/__tests__/FacultyRequests.test.jsx\u001b[39m\u001b[0m\u001b[2m:59:32)\u001b[22m\u001b[2m\u001b[22m\n","name":"C:\\Users\\Nanth\\OneDrive\\Desktop\\timetable-app\\frontend\\src\\components\\faculty\\__tests__\\FacultyRequests.test.jsx","startTime":1773078129014,"status":"failed","summary":""},{"assertionResults":[{"ancestorTitles":["FacultyLeave Basic Tests"],"duration":214,"failing":false,"failureDetails":[],"failureMessages":[],"fullName":"FacultyLeave Basic Tests renders the leave application form headers and labels","invocations":1,"location":null,"numPassingAsserts":3,"retryReasons":[],"startAt":1773078133252,"status":"passed","title":"renders the leave application form headers and labels"},{"ancestorTitles":["FacultyLeave Basic Tests"],"duration":87,"failing":false,"failureDetails":[],"failureMessages":[],"fullName":"FacultyLeave Basic Tests allows changing the leave type dropdown","invocations":1,"location":null,"numPassingAsserts":1,"retryReasons":[],"startAt":1773078133469,"status":"passed","title":"allows changing the leave type dropdown"},{"ancestorTitles":["FacultyLeave Basic Tests"],"duration":68,"failing":false,"failureDetails":[],"failureMessages":[],"fullName":"FacultyLeave Basic Tests triggers alert on form submission","invocations":1,"location":null,"numPassingAsserts":1,"retryReasons":[],"startAt":1773078133556,"status":"passed","title":"triggers alert on form submission"},{"ancestorTitles":["FacultyLeave Basic Tests"],"duration":18,"failing":false,"failureDetails":[],"failureMessages":[],"fullName":"FacultyLeave Basic Tests renders the reason textarea","invocations":1,"location":null,"numPassingAsserts":1,"retryReasons":[],"startAt":1773078133625,"status":"passed","title":"renders the reason textarea"}],"endTime":1773078133651,"message":"","name":"C:\\Users\\Nanth\\OneDrive\\Desktop\\timetable-app\\frontend\\src\\components\\faculty\\__tests__\\FacultyLeave.test.jsx","startTime":1773078129106,"status":"passed","summary":""},{"assertionResults":[{"ancestorTitles":["FacultyTimetable Basic Tests"],"duration":308,"failing":false,"failureDetails":[],"failureMessages":[],"fullName":"FacultyTimetable Basic Tests renders the page header and download button","invocations":1,"location":null,"numPassingAsserts":2,"retryReasons":[],"startAt":1773078133120,"status":"passed","title":"renders the page header and download button"},{"ancestorTitles":["FacultyTimetable Basic Tests"],"duration":84,"failing":false,"failureDetails":[],"failureMessages":[],"fullName":"FacultyTimetable Basic Tests renders all day headers","invocations":1,"location":null,"numPassingAsserts":5,"retryReasons":[],"startAt":1773078133434,"status":"passed","title":"renders all day headers"},{"ancestorTitles":["FacultyTimetable Basic Tests"],"duration":97,"failing":false,"failureDetails":[],"failureMessages":[],"fullName":"FacultyTimetable Basic Tests renders time slot columns","invocations":1,"location":null,"numPassingAsserts":5,"retryReasons":[],"startAt":1773078133519,"status":"passed","title":"renders time slot columns"},{"ancestorTitles":["FacultyTimetable Basic Tests"],"duration":41,"failing":false,"failureDetails":[],"failureMessages":[],"fullName":"FacultyTimetable Basic Tests renders course data for specific assigned slots","invocations":1,"location":null,"numPassingAsserts":2,"retryReasons":[],"startAt":1773078133616,"status":"passed","title":"renders course data for specific assigned slots"}],"endTime":1773078133660,"message":"","name":"C:\\Users\\Nanth\\OneDrive\\Desktop\\timetable-app\\frontend\\src\\components\\faculty\\__tests__\\FacultyTimetable.test.jsx","startTime":1773078129090,"status":"passed","summary":""},{"assertionResults":[{"ancestorTitles":["StudentHome Basic Tests"],"duration":190,"failing":false,"failureDetails":[{"name":"TestingLibraryElementError"}],"failureMessages":["TestingLibraryElementError: Unable to find an element with the text: Welcome. This could be because the text is broken up by multiple elements. In this case, you can provide a function for your text matcher to make your matcher more flexible.\n\nIgnored nodes: comments, script, style\n\u001b[36m<body>\u001b[39m\n  \u001b[36m<div>\u001b[39m\n    \u001b[36m<div\u001b[39m\n      \u001b[33mclass\u001b[39m=\u001b[32m\"dashboard-fade-in\"\u001b[39m\n    \u001b[36m>\u001b[39m\n      \u001b[36m<div\u001b[39m\n        \u001b[33mclass\u001b[39m=\u001b[32m\"page-header\"\u001b[39m\n        \u001b[33mstyle\u001b[39m=\u001b[32m\"display: flex; justify-content: space-between; align-items: center; margin-bottom: 2.5rem;\"\u001b[39m\n      \u001b[36m>\u001b[39m\n        \u001b[36m<div>\u001b[39m\n          \u001b[36m<h1\u001b[39m\n            \u001b[33mstyle\u001b[39m=\u001b[32m\"font-size: 2rem; font-weight: 700; color: var(--text-main); margin: 0px;\"\u001b[39m\n          \u001b[36m>\u001b[39m\n            \u001b[0mDashboard Overview\u001b[0m\n          \u001b[36m</h1>\u001b[39m\n          \u001b[36m<p\u001b[39m\n            \u001b[33mstyle\u001b[39m=\u001b[32m\"font-size: 1rem; color: var(--text-muted); margin-top: 0.5rem;\"\u001b[39m\n          \u001b[36m>\u001b[39m\n            \u001b[0mWelcome back, John Doe\u001b[0m\n          \u001b[36m</p>\u001b[39m\n        \u001b[36m</div>\u001b[39m\n        \u001b[36m<div\u001b[39m\n          \u001b[33mclass\u001b[39m=\u001b[32m\"notification-wrapper\"\u001b[39m\n          \u001b[33mstyle\u001b[39m=\u001b[32m\"position: relative;\"\u001b[39m\n        \u001b[36m>\u001b[39m\n          \u001b[36m<button\u001b[39m\n            \u001b[33mclass\u001b[39m=\u001b[32m\"notification-icon-btn\"\u001b[39m\n          \u001b[36m>\u001b[39m\n            \u001b[36m<svg\u001b[39m\n              \u001b[33maria-hidden\u001b[39m=\u001b[32m\"true\"\u001b[39m\n              \u001b[33mclass\u001b[39m=\u001b[32m\"lucide lucide-bell\"\u001b[39m\n              \u001b[33mfill\u001b[39m=\u001b[32m\"none\"\u001b[39m\n              \u001b[33mheight\u001b[39m=\u001b[32m\"24\"\u001b[39m\n              \u001b[33mstroke\u001b[39m=\u001b[32m\"var(--text-main)\"\u001b[39m\n              \u001b[33mstroke-linecap\u001b[39m=\u001b[32m\"round\"\u001b[39m\n              \u001b[33mstroke-linejoin\u001b[39m=\u001b[32m\"round\"\u001b[39m\n              \u001b[33mstroke-width\u001b[39m=\u001b[32m\"2\"\u001b[39m\n              \u001b[33mviewBox\u001b[39m=\u001b[32m\"0 0 24 24\"\u001b[39m\n              \u001b[33mwidth\u001b[39m=\u001b[32m\"24\"\u001b[39m\n              \u001b[33mxmlns\u001b[39m=\u001b[32m\"http://www.w3.org/2000/svg\"\u001b[39m\n            \u001b[36m>\u001b[39m\n              \u001b[36m<path\u001b[39m\n                \u001b[33md\u001b[39m=\u001b[32m\"M10.268 21a2 2 0 0 0 3.464 0\"\u001b[39m\n              \u001b[36m/>\u001b[39m\n              \u001b[36m<path\u001b[39m\n                \u001b[33md\u001b[39m=\u001b[32m\"M3.262 15.326A1 1 0 0 0 4 17h16a1 1 0 0 0 .74-1.673C19.41 13.956 18 12.499 18 8A6 6 0 0 0 6 8c0 4.499-1.411 5.956-2.738 7.326\"\u001b[39m\n              \u001b[36m/>\u001b[39m\n            \u001b[36m</svg>\u001b[39m\n            \u001b[36m<span\u001b[39m\n              \u001b[33mclass\u001b[39m=\u001b[32m\"notification-badge\"\u001b[39m\n            \u001b[36m>\u001b[39m\n              \u001b[0m3\u001b[0m\n            \u001b[36m</span>\u001b[39m\n          \u001b[36m</button>\u001b[39m\n        \u001b[36m</div>\u001b[39m\n      \u001b[36m</div>\u001b[39m\n      \u001b[36m<div\u001b[39m\n        \u001b[33mstyle\u001b[39m=\u001b[32m\"display: grid; grid-template-columns: repeat(auto-fit, minmax(300px, 1fr)); gap: 1.5rem; margin-bottom: 2rem;\"\u001b[39m\n      \u001b[36m>\u001b[39m\n        \u001b[36m<div\u001b[39m\n          \u001b[33mclass\u001b[39m=\u001b[32m\"modern-card\"\u001b[39m\n          \u001b[33mstyle\u001b[39m=\u001b[32m\"background: var(--surface); padding: 1.5rem; border-radius: var(--radius-lg); box-shadow: var(--shadow-md); border: 1px solid var(--border); display: flex; align-items: center; gap: 2rem;\"\u001b[39m\n        \u001b[36m>\u001b[39m\n          \u001b[36m<div\u001b[39m\n            \u001b[33mstyle\u001b[39m=\u001b[32m\"position: relative; width: 100px; height: 100px; display: flex; align-items: center; justify-content: center;\"\u001b[39m\n          \u001b[36m>\u001b[39m\n            \u001b[36m<svg\u001b[39m\n              \u001b[33mheight\u001b[39m=\u001b[32m\"100\"\u001b[39m\n              \u001b[33mstyle\u001b[39m=\u001b[32m\"transform: rotate(-90deg);\"\u001b[39m\n              \u001b[33mviewBox\u001b[39m=\u001b[32m\"0 0 100 100\"\u001b[39m\n              \u001b[33mwidth\u001b[39m=\u001b[32m\"100\"\u001b[39m\n            \u001b[36m>\u001b[39m\n              \u001b[36m<circle\u001b[39m\n                \u001b[33mcx\u001b[39m=\u001b[32m\"50\"\u001b[39m\n                \u001b[33mcy\u001b[39m=\u001b[32m\"50\"\u001b[39m\n                \u001b[33mfill\u001b[39m=\u001b[32m\"none\"\u001b[39m\n                \u001b[33mr\u001b[39m=\u001b[32m\"40\"\u001b[39m\n                \u001b[33mstroke\u001b[39m=\u001b[32m\"var(--border)\"\u001b[39m\n                \u001b[33mstroke-width\u001b[39m=\u001b[32m\"8\"\u001b[39m\n              \u001b[36m/>\u001b[39m\n              \u001b[36m<circle\u001b[39m\n                \u001b[33mcx\u001b[39m=\u001b[32m\"50\"\u001b[39m\n                \u001b[33mcy\u001b[39m=\u001b[32m\"50\"\u001b[39m\n                \u001b[33mfill\u001b[39m=\u001b[32m\"none\"\u001b[39m\n                \u001b[33mr\u001b[39m=\u001b[32m\"40\"\u001b[39m\n                \u001b[33mstroke\u001b[39m=\u001b[32m\"var(--danger)\"\u001b[39m\n                \u001b[33mstroke-dasharray\u001b[39m=\u001b[32m\"251.32741228718345\"\u001b[39m\n                \u001b[33mstroke-dashoffset\u001b[39m=\u001b[32m\"251.32741228718345\"\u001b[39m\n                \u001b[33mstroke-width\u001b[39m=\u001b[32m\"8\"\u001b[39m\n                \u001b[33mstyle\u001b[39m=\u001b[32m\"transition: stroke-dashoffset 1.5s ease-in-out;\"\u001b[39m\n              \u001b[36m/>\u001b[39m\n            \u001b[36m</svg>\u001b[39m\n            \u001b[36m<div\u001b[39m\n              \u001b[33mstyle\u001b[39m=\u001b[32m\"position: absolute; font-weight: bold; font-size: 1.2rem; color: var(--text-main);\"\u001b[39m\n            \u001b[36m>\u001b[39m\n              \u001b[0m0\u001b[0m\n              \u001b[0m%\u001b[0m\n            \u001b[36m</div>\u001b[39m\n          \u001b[36m</div>\u001b[39m\n          \u001b[36m<div>\u001b[39m\n            \u001b[36m<h3\u001b[39m\n              \u001b[33mstyle\u001b[39m=\u001b[32m\"margin: 0px; color: var(--text-main); font-size: 1.25rem;\"\u001b[39m\n            \u001b[36m>\u001b[39m\n              \u001b[0mAttendance\u001b[0m\n            \u001b[36m</h3>\u001b[39m\n            \u001b[36m<p\u001b[39m\n              \u001b[33mstyle\u001b[39m=\u001b[32m\"margin: 0.5rem 0px 0px 0px; color: var(--text-muted); font-size: 0.9rem;\"\u001b[39m\n            \u001b[36m>\u001b[39m\n              \u001b[0mYou are maintaining a good attendance rate. Keep it up!\u001b[0m\n            \u001b[36m</p>\u001b[39m\n            \u001b[36m<div\u001b[39m\n              \u001b[33mstyle\u001b[39m=\u001b[32m\"margin-top: 1rem; display: inline-block; padding: 0.25rem 0.75rem; background: var(--warning-light); color: var(--danger); border-radius: var(--radius-full); font-size: 0.85rem; font-weight: 600;\"\u001b[39m\n            \u001b[36m>\u001b[39m\n              \u001b[0mNeeds Attention\u001b[0m\n            \u001b[36m</div>\u001b[39m\n          \u001b[36m</div>\u001b[39m\n        \u001b[36m</div>\u001b[39m\n        \u001b[36m<div\u001b[39m\n          \u001b[33mclass\u001b[39m=\u001b[32m\"modern-card\"\u001b[39m\n          \u001b[33mstyle\u001b[39m=\u001b[32m\"background: var(--surface); padding: 1.5rem; border-radius: var(--radius-lg); box-shadow: var(--shadow-md); border: 1px solid var(--border);\"\u001b[39m\n        \u001b[36m>\u001b[39m\n          \u001b[36m<h3\u001b[39m\n            \u001b[33mstyle\u001b[39m=\u001b[32m\"margin: 0px 0px 1rem 0px; color: var(--text-main); display: flex; align-items: center; gap: 0.5rem;\"\u001b[39m\n          \u001b[36m>\u001b[39m\n            \u001b[36m<svg\u001b[39m\n              \u001b[33maria-hidden\u001b[39m=\u001b[32m\"true\"\u001b[39m\n              \u001b[33mclass\u001b[39m=\u001b[32m\"lucide lucide-calendar-days\"\u001b[39m\n              \u001b[33mfill\u001b[39m=\u001b[32m\"none\"\u001b[39m\n              \u001b[33mheight\u001b[39m=\u001b[32m\"20\"\u001b[39m\n              \u001b[33mstroke\u001b[39m=\u001b[32m\"var(--primary)\"\u001b[39m\n              \u001b[33mstroke-linecap\u001b[39m=\u001b[32m\"round\"\u001b[39m\n              \u001b[33mstroke-linejoin\u001b[39m=\u001b[32m\"round\"\u001b[39m\n              \u001b[33mstroke-width\u001b[39m=\u001b[32m\"2\"\u001b[39m\n              \u001b[33mviewBox\u001b[39m=\u001b[32m\"0 0 24 24\"\u001b[39m\n              \u001b[33mwidth\u001b[39m=\u001b[32m\"20\"\u001b[39m\n              \u001b[33mxmlns\u001b[39m=\u001b[32m\"http://www.w3.org/2000/svg\"\u001b[39m\n            \u001b[36m>\u001b[39m\n              \u001b[36m<path\u001b[39m\n                \u001b[33md\u001b[39m=\u001b[32m\"M8 2v4\"\u001b[39m\n              \u001b[36m/>\u001b[39m\n              \u001b[36m<path\u001b[39m\n                \u001b[33md\u001b[39m=\u001b[32m\"M16 2v4\"\u001b[39m\n              \u001b[36m/>\u001b[39m\n              \u001b[36m<rect\u001b[39m\n                \u001b[33mheight\u001b[39m=\u001b[32m\"18\"\u001b[39m\n                \u001b[33mrx\u001b[39m=\u001b[32m\"2\"\u001b[39m\n                \u001b[33mwidth\u001b[39m=\u001b[32m\"18\"\u001b[39m\n                \u001b[33mx\u001b[39m=\u001b[32m\"3\"\u001b[39m\n                \u001b[33my\u001b[39m=\u001b[32m\"4\"\u001b[39m\n              \u001b[36m/>\u001b[39m\n              \u001b[36m<path\u001b[39m\n                \u001b[33md\u001b[39m=\u001b[32m\"M3 10h18\"\u001b[39m\n              \u001b[36m/>\u001b[39m\n              \u001b[36m<path\u001b[39m\n                \u001b[33md\u001b[39m=\u001b[32m\"M8 14h.01\"\u001b[39m\n              \u001b[36m/>\u001b[39m\n              \u001b[36m<path\u001b[39m\n                \u001b[33md\u001b[39m=\u001b[32m\"M12 14h.01\"\u001b[39m\n              \u001b[36m/>\u001b[39m\n              \u001b[36m<path\u001b[39m\n                \u001b[33md\u001b[39m=\u001b[32m\"M16 14h.01\"\u001b[39m\n              \u001b[36m/>\u001b[39m\n              \u001b[36m<path\u001b[39m\n                \u001b[33md\u001b[39m=\u001b[32m\"M8 18h.01\"\u001b[39m\n              \u001b[36m/>\u001b[39m\n              \u001b[36m<path\u001b[39m\n                \u001b[33md\u001b[39m=\u001b[32m\"M12 18h.01\"\u001b[39m\n              \u001b[36m/>\u001b[39m\n              \u001b[36m<path\u001b[39m\n                \u001b[33md\u001b[39m=\u001b[32m\"M16 18h.01\"\u001b[39m\n              \u001b[36m/>\u001b[39m\n            \u001b[36m</svg>\u001b[39m\n            \u001b[0m Weekly Summary\u001b[0m\n          \u001b[36m</h3>\u001b[39m\n          \u001b[36m<div\u001b[39m\n            \u001b[33mstyle\u001b[39m=\u001b[32m\"display: flex; flex-direction: column; gap: 1rem;\"\u001b[39m\n          \u001b[36m>\u001b[39m\n            \u001b[36m<div\u001b[39m\n              \u001b[33mstyle\u001b[39m=\u001b[32m\"display: flex; justify-content: space-between; align-items: center;\"\u001b[39m\n            \u001b[36m>\u001b[39m\n              \u001b[36m<span\u001b[39m\n                \u001b[33mstyle\u001b[39m=\u001b[32m\"color: var(--text-muted);\"\u001b[39m\n              \u001b[36m>\u001b[39m\n                \u001b[0mClasses Attended\u001b[0m\n              \u001b[36m</span>\u001b[39m\n              \u001b[36m<span\u001b[39m\n                \u001b[33mstyle\u001b[39m=\u001b[32m\"font-weight: 600;\"\u001b[39m\n              \u001b[36m>\u001b[39m\n                \u001b[0m14 / 16\u001b[0m\n              \u001b[36m</span>\u001b[39m\n            \u001b[36m</div>\u001b[39m\n          \u001b[36m</div>\u001b[39m\n        \u001b[36m</div>\u001b[39m\n      \u001b[36m</div>\u001b[39m\n      \u001b[36m<div\u001b[39m\n        \u001b[33mstyle\u001b[39m=\u001b[32m\"display: grid; grid-template-columns: repeat(auto-fit, minmax(300px, 1fr)); gap: 1.5rem;\"\u001b[39m\n      \u001b[36m>\u001b[39m\n        \u001b[36m<div\u001b[39m\n          \u001b[33mclass\u001b[39m=\u001b[32m\"modern-card\"\u001b[39m\n          \u001b[33mstyle\u001b[39m=\u001b[32m\"background: var(--surface); padding: 1.5rem; border-radius: var(--radius-lg); box-shadow: var(--shadow-md); border: 1px solid var(--border);\"\u001b[39m\n        \u001b[36m>\u001b[39m\n          \u001b[36m<div\u001b[39m\n            \u001b[33mstyle\u001b[39m=\u001b[32m\"display: flex; justify-content: space-between; align-items: center; margin-bottom: 1.5rem;\"\u001b[39m\n          \u001b[36m>\u001b[39m\n            \u001b[36m<h3\u001b[39m\n              \u001b[33mstyle\u001b[39m=\u001b[32m\"margin: 0px; color: var(--text-main); display: flex; align-items: center; gap: 0.5rem;\"\u001b[39m\n            \u001b[36m>\u001b[39m\n              \u001b[36m<svg\u001b[39m\n                \u001b[33maria-hidden\u001b[39m=\u001b[32m\"true\"\u001b[39m\n                \u001b[33mclass\u001b[39m=\u001b[32m\"lucide lucide-clock\"\u001b[39m\n                \u001b[33mfill\u001b[39m=\u001b[32m\"none\"\u001b[39m\n                \u001b[33mheight\u001b[39m=\u001b[32m\"20\"\u001b[39m\n                \u001b[33mstroke\u001b[39m=\u001b[32m\"var(--student-theme)\"\u001b[39m\n                \u001b[33mstroke-linecap\u001b[39m=\u001b[32m\"round\"\u001b[39m\n                \u001b[33mstroke-linejoin\u001b[39m=\u001b[32m\"round\"\u001b[39m\n                \u001b[33mstroke-width\u001b[39m=\u001b[32m\"2\"\u001b[39m\n                \u001b[33mviewBox\u001b[39m=\u001b[32m\"0 0 24 24\"\u001b[39m\n                \u001b[33mwidth\u001b[39m=\u001b[32m\"20\"\u001b[39m\n                \u001b[33mxmlns\u001b[39m=\u001b[32m\"http://www.w3.org/2000/svg\"\u001b[39m\n              \u001b[36m>\u001b[39m\n                \u001b[36m<path\u001b[39m\n                  \u001b[33md\u001b[39m=\u001b[32m\"M12 6v6l4 2\"\u001b[39m\n                \u001b[36m/>\u001b[39m\n                \u001b[36m<circle\u001b[39m\n                  \u001b[33mcx\u001b[39m=\u001b[32m\"12\"\u001b[39m\n                  \u001b[33mcy\u001b[39m=\u001b[32m\"12\"\u001b[39m\n                  \u001b[33mr\u001b[39m=\u001b[32m\"10\"\u001b[39m\n                \u001b[36m/>\u001b[39m\n              \u001b[36m</svg>\u001b[39m\n              \u001b[0m Today's Classes\u001b[0m\n            \u001b[36m</h3>\u001b[39m\n            \u001b[36m<button\u001b[39m\n              \u001b[33mstyle\u001b[39m=\u001b[32m\"color: var(--primary); font-size: 0.9rem; font-weight: 500;\"\u001b[39m\n            \u001b[36m>\u001b[39m\n              \u001b[0mView Timetable\u001b[0m\n            \u001b[36m</button>\u001b[39m\n          \u001b[36m</div>\u001b[39m\n          \u001b[36m<div\u001b[39m\n            \u001b[33mstyle\u001b[39m=\u001b[32m\"display: flex; flex-direction: column; gap: 1rem;\"\u001b[39m\n          \u001b[36m>\u001b[39m\n            \u001b[36m<div\u001b[39m\n              \u001b[33mstyle\u001b[39m=\u001b[32m\"display: flex; gap: 1rem; padding: 1rem; background: var(--bg); border-radius: var(--radius-md); border-left: 4px solid var(--student-theme);\"\u001b[39m\n            \u001b[36m>\u001b[39m\n              \u001b[36m<div\u001b[39m\n                \u001b[33mstyle\u001b[39m=\u001b[32m\"color: var(--text-main); font-weight: 600; min-width: 80px;\"\u001b[39m\n              \u001b[36m>\u001b[39m\n                \u001b[0m09:00 AM\u001b[0m\n              \u001b[36m</div>\u001b[39m\n              \u001b[36m<div>\u001b[39m\n                \u001b[36m<div\u001b[39m\n                  \u001b[33mstyle\u001b[39m=\u001b[32m\"font-weight: 500;\"\u001b[39m\n                \u001b[36m>\u001b[39m\n                  \u001b[0mSoftware Engineering\u001b[0m\n                \u001b[36m</div>\u001b[39m\n                \u001b[36m<div\u001b[39m\n                  \u001b[33mstyle\u001b[39m=\u001b[32m\"font-size: 0.85rem; color: var(--text-muted); display: flex; align-items: center; gap: 0.25rem; margin-top: 0.25rem;\"\u001b[39m\n                \u001b[36m>\u001b[39m\n                  \u001b[36m<svg\u001b[39m\n                    \u001b[33maria-hidden\u001b[39m=\u001b[32m\"true\"\u001b[39m\n                    \u001b[33mclass\u001b[39m=\u001b[32m\"lucide lucide-book-open\"\u001b[39m\n                    \u001b[33mfill\u001b[39m=\u001b[32m\"none\"\u001b[39m\n                    \u001b[33mheight\u001b[39m=\u001b[32m\"14\"\u001b[39m\n                    \u001b[33mstroke\u001b[39m=\u001b[32m\"currentColor\"\u001b[39m\n                    \u001b[33mstroke-linecap\u001b[39m=\u001b[32m\"round\"\u001b[39m\n                    \u001b[33mstroke-linejoin\u001b[39m=\u001b[32m\"round\"\u001b[39m\n                    \u001b[33mstroke-width\u001b[39m=\u001b[32m\"2\"\u001b[39m\n                    \u001b[33mviewBox\u001b[39m=\u001b[32m\"0 0 24 24\"\u001b[39m\n                    \u001b[33mwidth\u001b[39m=\u001b[32m\"14\"\u001b[39m\n                    \u001b[33mxmlns\u001b[39m=\u001b[32m\"http://www.w3.org/2000/svg\"\u001b[39m\n                  \u001b[36m>\u001b[39m\n                    \u001b[36m<path\u001b[39m\n                      \u001b[33md\u001b[39m=\u001b[32m\"M12 7v14\"\u001b[39m\n                    \u001b[36m/>\u001b[39m\n                    \u001b[36m<path\u001b[39m\n                      \u001b[33md\u001b[39m=\u001b[32m\"M3 18a1 1 0 0 1-1-1V4a1 1 0 0 1 1-1h5a4 4 0 0 1 4 4 4 4 0 0 1 4-4h5a1 1 0 0 1 1 1v13a1 1 0 0 1-1 1h-6a3 3 0 0 0-3 3 3 3 0 0 0-3-3z\"\u001b[39m\n                    \u001b[36m/>\u001b[39m\n                  \u001b[36m</svg>\u001b[39m\n                  \u001b[0m \u001b[0m\n                  \u001b[0mRoom 301\u001b[0m\n                \u001b[36m</div>\u001b[39m\n              \u001b[36m</div>\u001b[39m\n            \u001b[36m</div>\u001b[39m\n            \u001b[36m<div\u001b[39m\n              \u001b[33mstyle\u001b[39m=\u001b[32m\"display: flex; gap: 1rem; padding: 1rem; background: var(--bg); border-radius: var(--radius-md); border-left: 4px solid var(--student-theme);\"\u001b[39m\n            \u001b[36m>\u001b[39m\n              \u001b[36m<div\u001b[39m\n                \u001b[33mstyle\u001b[39m=\u001b[32m\"color: var(--text-main); font-weight: 600; min-width: 80px;\"\u001b[39m\n              \u001b[36m>\u001b[39m\n                \u001b[0m11:00 AM\u001b[0m\n              \u001b[36m</div>\u001b[39m\n              \u001b[36m<div>\u001b[39m\n                \u001b[36m<div\u001b[39m\n                  \u001b[33mstyle\u001b[39m=\u001b[32m\"font-weight: 500;\"\u001b[39m\n                \u001b[36m>\u001b[39m\n                  \u001b[0mDatabase Systems\u001b[0m\n                \u001b[36m</div>\u001b[39m\n                \u001b[36m<div\u001b[39m\n                  \u001b[33mstyle\u001b[39m=\u001b[32m\"font-size: 0.85rem; color: var(--text-muted); display: flex; align-items: center; gap: 0.25rem; margin-top: 0.25rem;\"\u001b[39m\n                \u001b[36m>\u001b[39m\n                  \u001b[36m<svg\u001b[39m\n                    \u001b[33maria-hidden\u001b[39m=\u001b[32m\"true\"\u001b[39m\n                    \u001b[33mclass\u001b[39m=\u001b[32m\"lucide lucide-book-open\"\u001b[39m\n                    \u001b[33mfill\u001b[39m=\u001b[32m\"none\"\u001b[39m\n                    \u001b[33mheight\u001b[39m=\u001b[32m\"14\"\u001b[39m\n                    \u001b[33mstroke\u001b[39m=\u001b[32m\"currentColor\"\u001b[39m\n                    \u001b[33mstroke-linecap\u001b[39m=\u001b[32m\"round\"\u001b[39m\n                    \u001b[33mstroke-linejoin\u001b[39m=\u001b[32m\"round\"\u001b[39m\n                    \u001b[33mstroke-width\u001b[39m=\u001b[32m\"2\"\u001b[39m\n                    \u001b[33mviewBox\u001b[39m=\u001b[32m\"0 0 24 24\"\u001b[39m\n                    \u001b[33mwidth\u001b[39m=\u001b[32m\"14\"\u001b[39m\n                    \u001b[33mxmlns\u001b[39m=\u001b[32m\"http://www.w3.org/2000/svg\"\u001b[39m\n                  \u001b[36m>\u001b[39m\n                    \u001b[36m<path\u001b[39m\n                      \u001b[33md\u001b[39m=\u001b[32m\"M12 7v14\"\u001b[39m\n                    \u001b[36m/>\u001b[39m\n                    \u001b[36m<path\u001b[39m\n                      \u001b[33md\u001b[39m=\u001b[32m\"M3 18a1 1 0 0 1-1-1V4a1 1 0 0 1 1-1h5a4 4 0 0 1 4 4 4 4 0 0 1 4-4h5a1 1 0 0 1 1 1v13a1 1 0 0 1-1 1h-6a3 3 0 0 0-3 3 3 3 0 0 0-3-3z\"\u001b[39m\n                    \u001b[36m/>\u001b[39m\n                  \u001b[36m</svg>\u001b[39m\n                  \u001b[0m \u001b[0m\n                  \u001b[0mLab 2\u001b[0m\n                \u001b[36m</div>\u001b[39m\n              \u001b[36m</div>\u001b[39m\n            \u001b[36m</div>\u001b[39m\n          \u001b[36m</div>\u001b[39m\n        \u001b[36m</div>\u001b[39m\n      \u001b[36m</div>\u001b[39m\n    \u001b[36m</div>\u001b[39m\n  \u001b[36m</div>\u001b[39m\n\u001b[36m</body>\u001b[39m\n    at Object.getElementError (C:\\Users\\Nanth\\OneDrive\\Desktop\\timetable-app\\frontend\\node_modules\\@testing-library\\dom\\dist\\config.js:37:19)\n    at C:\\Users\\Nanth\\OneDrive\\Desktop\\timetable-app\\frontend\\node_modules\\@testing-library\\dom\\dist\\query-helpers.js:76:38\n    at C:\\Users\\Nanth\\OneDrive\\Desktop\\timetable-app\\frontend\\node_modules\\@testing-library\\dom\\dist\\query-helpers.js:52:17\n    at C:\\Users\\Nanth\\OneDrive\\Desktop\\timetable-app\\frontend\\node_modules\\@testing-library\\dom\\dist\\query-helpers.js:95:19\n    at Object.getByText (C:\\Users\\Nanth\\OneDrive\\Desktop\\timetable-app\\frontend\\src\\components\\student\\__tests__\\StudentHome.test.jsx:31:19)\n    at Promise.finally.completed (C:\\Users\\Nanth\\OneDrive\\Desktop\\timetable-app\\frontend\\node_modules\\jest-circus\\build\\jestAdapterInit.js:1557:28)\n    at new Promise (<anonymous>)\n    at callAsyncCircusFn (C:\\Users\\Nanth\\OneDrive\\Desktop\\timetable-app\\frontend\\node_modules\\jest-circus\\build\\jestAdapterInit.js:1497:10)\n    at _callCircusTest (C:\\Users\\Nanth\\OneDrive\\Desktop\\timetable-app\\frontend\\node_modules\\jest-circus\\build\\jestAdapterInit.js:1007:40)\n    at processTicksAndRejections (node:internal/process/task_queues:105:5)\n    at _runTest (C:\\Users\\Nanth\\OneDrive\\Desktop\\timetable-app\\frontend\\node_modules\\jest-circus\\build\\jestAdapterInit.js:947:3)\n    at C:\\Users\\Nanth\\OneDrive\\Desktop\\timetable-app\\frontend\\node_modules\\jest-circus\\build\\jestAdapterInit.js:849:7\n    at _runTestsForDescribeBlock (C:\\Users\\Nanth\\OneDrive\\Desktop\\timetable-app\\frontend\\node_modules\\jest-circus\\build\\jestAdapterInit.js:862:11)\n    at _runTestsForDescribeBlock (C:\\Users\\Nanth\\OneDrive\\Desktop\\timetable-app\\frontend\\node_modules\\jest-circus\\build\\jestAdapterInit.js:857:11)\n    at run (C:\\Users\\Nanth\\OneDrive\\Desktop\\timetable-app\\frontend\\node_modules\\jest-circus\\build\\jestAdapterInit.js:761:3)\n    at runAndTransformResultsToJestFormat (C:\\Users\\Nanth\\OneDrive\\Desktop\\timetable-app\\frontend\\node_modules\\jest-circus\\build\\jestAdapterInit.js:1918:21)\n    at jestAdapter (C:\\Users\\Nanth\\OneDrive\\Desktop\\timetable-app\\frontend\\node_modules\\jest-circus\\build\\runner.js:101:19)\n    at runTestInternal (C:\\Users\\Nanth\\OneDrive\\Desktop\\timetable-app\\frontend\\node_modules\\jest-runner\\build\\testWorker.js:275:16)\n    at runTest (C:\\Users\\Nanth\\OneDrive\\Desktop\\timetable-app\\frontend\\node_modules\\jest-runner\\build\\testWorker.js:343:7)\n    at Object.worker (C:\\Users\\Nanth\\OneDrive\\Desktop\\timetable-app\\frontend\\node_modules\\jest-runner\\build\\testWorker.js:497:12)"],"fullName":"StudentHome Basic Tests renders standard welcome message for normal students","invocations":1,"location":null,"numPassingAsserts":0,"retryReasons":[],"startAt":1773078133285,"status":"failed","title":"renders standard welcome message for normal students"},{"ancestorTitles":["StudentHome Basic Tests"],"duration":49,"failing":false,"failureDetails":[{"name":"TestingLibraryElementError"}],"failureMessages":["TestingLibraryElementError: Unable to find an element with the text: Class Representative Dashboard. This could be because the text is broken up by multiple elements. In this case, you can provide a function for your text matcher to make your matcher more flexible.\n\nIgnored nodes: comments, script, style\n\u001b[36m<body>\u001b[39m\n  \u001b[36m<div>\u001b[39m\n    \u001b[36m<div\u001b[39m\n      \u001b[33mclass\u001b[39m=\u001b[32m\"dashboard-fade-in\"\u001b[39m\n    \u001b[36m>\u001b[39m\n      \u001b[36m<div\u001b[39m\n        \u001b[33mclass\u001b[39m=\u001b[32m\"page-header\"\u001b[39m\n        \u001b[33mstyle\u001b[39m=\u001b[32m\"display: flex; justify-content: space-between; align-items: center; margin-bottom: 2.5rem;\"\u001b[39m\n      \u001b[36m>\u001b[39m\n        \u001b[36m<div>\u001b[39m\n          \u001b[36m<h1\u001b[39m\n            \u001b[33mstyle\u001b[39m=\u001b[32m\"font-size: 2rem; font-weight: 700; color: var(--text-main); margin: 0px;\"\u001b[39m\n          \u001b[36m>\u001b[39m\n            \u001b[0mCR Dashboard\u001b[0m\n          \u001b[36m</h1>\u001b[39m\n          \u001b[36m<p\u001b[39m\n            \u001b[33mstyle\u001b[39m=\u001b[32m\"font-size: 1rem; color: var(--text-muted); margin-top: 0.5rem;\"\u001b[39m\n          \u001b[36m>\u001b[39m\n            \u001b[0mWelcome back, Jane CR\u001b[0m\n          \u001b[36m</p>\u001b[39m\n        \u001b[36m</div>\u001b[39m\n        \u001b[36m<div\u001b[39m\n          \u001b[33mclass\u001b[39m=\u001b[32m\"notification-wrapper\"\u001b[39m\n          \u001b[33mstyle\u001b[39m=\u001b[32m\"position: relative;\"\u001b[39m\n        \u001b[36m>\u001b[39m\n          \u001b[36m<button\u001b[39m\n            \u001b[33mclass\u001b[39m=\u001b[32m\"notification-icon-btn\"\u001b[39m\n          \u001b[36m>\u001b[39m\n            \u001b[36m<svg\u001b[39m\n              \u001b[33maria-hidden\u001b[39m=\u001b[32m\"true\"\u001b[39m\n              \u001b[33mclass\u001b[39m=\u001b[32m\"lucide lucide-bell\"\u001b[39m\n              \u001b[33mfill\u001b[39m=\u001b[32m\"none\"\u001b[39m\n              \u001b[33mheight\u001b[39m=\u001b[32m\"24\"\u001b[39m\n              \u001b[33mstroke\u001b[39m=\u001b[32m\"var(--text-main)\"\u001b[39m\n              \u001b[33mstroke-linecap\u001b[39m=\u001b[32m\"round\"\u001b[39m\n              \u001b[33mstroke-linejoin\u001b[39m=\u001b[32m\"round\"\u001b[39m\n              \u001b[33mstroke-width\u001b[39m=\u001b[32m\"2\"\u001b[39m\n              \u001b[33mviewBox\u001b[39m=\u001b[32m\"0 0 24 24\"\u001b[39m\n              \u001b[33mwidth\u001b[39m=\u001b[32m\"24\"\u001b[39m\n              \u001b[33mxmlns\u001b[39m=\u001b[32m\"http://www.w3.org/2000/svg\"\u001b[39m\n            \u001b[36m>\u001b[39m\n              \u001b[36m<path\u001b[39m\n                \u001b[33md\u001b[39m=\u001b[32m\"M10.268 21a2 2 0 0 0 3.464 0\"\u001b[39m\n              \u001b[36m/>\u001b[39m\n              \u001b[36m<path\u001b[39m\n                \u001b[33md\u001b[39m=\u001b[32m\"M3.262 15.326A1 1 0 0 0 4 17h16a1 1 0 0 0 .74-1.673C19.41 13.956 18 12.499 18 8A6 6 0 0 0 6 8c0 4.499-1.411 5.956-2.738 7.326\"\u001b[39m\n              \u001b[36m/>\u001b[39m\n            \u001b[36m</svg>\u001b[39m\n            \u001b[36m<span\u001b[39m\n              \u001b[33mclass\u001b[39m=\u001b[32m\"notification-badge\"\u001b[39m\n            \u001b[36m>\u001b[39m\n              \u001b[0m3\u001b[0m\n            \u001b[36m</span>\u001b[39m\n          \u001b[36m</button>\u001b[39m\n        \u001b[36m</div>\u001b[39m\n      \u001b[36m</div>\u001b[39m\n      \u001b[36m<div\u001b[39m\n        \u001b[33mstyle\u001
[...]
           \u001b[0mCS203 - OS\u001b[0m\n                  \u001b[36m</option>\u001b[39m\n                \u001b[36m</select>\u001b[39m\n              \u001b[36m</div>\u001b[39m\n              \u001b[36m<div\u001b[39m\n                \u001b[33mstyle\u001b[39m=\u001b[32m\"display: flex; gap: 1rem;\"\u001b[39m\n              \u001b[36m>\u001b[39m\n                \u001b[36m<div\u001b[39m\n                  \u001b[33mclass\u001b[39m=\u001b[32m\"form-group\"\u001b[39m\n                  \u001b[33mstyle\u001b[39m=\u001b[32m\"flex: 1 1 0%;\"\u001b[39m\n                \u001b[36m>\u001b[39m\n                  \u001b[36m<label>\u001b[39m\n                    \u001b[0mCurrent Date\u001b[0m\n                  \u001b[36m</label>\u001b[39m\n                  \u001b[36m<input\u001b[39m\n                    \u001b[33mrequired\u001b[39m=\u001b[32m\"\"\u001b[39m\n                    \u001b[33mtype\u001b[39m=\u001b[32m\"date\"\u001b[39m\n                    \u001b[33mvalue\u001b[39m=\u001b[32m\"\"\u001b[39m\n                  \u001b[36m/>\u001b[39m\n                \u001b[36m</div>\u001b[39m\n                \u001b[36m<div\u001b[39m\n                  \u001b[33mclass\u001b[39m=\u001b[32m\"form-group\"\u001b[39m\n                  \u001b[33mstyle\u001b[39m=\u001b[32m\"flex: 1 1 0%;\"\u001b[39m\n                \u001b[36m>\u001b[39m\n                  \u001b[36m<label>\u001b[39m\n                    \u001b[0mCurrent Slot\u001b[0m\n                  \u001b[36m</label>\u001b[39m\n                  \u001b[36m<select>\u001b[39m\n                    \u001b[36m<option\u001b[39m\n                      \u001b[33mvalue\u001b[39m=\u001b[32m\"\"\u001b[39m\n                    \u001b[36m>\u001b[39m\n                      \u001b[0mSelect Slot...\u001b[0m\n                    \u001b[36m</option>\u001b[39m\n                    \u001b[36m<option>\u001b[39m\n                      \u001b[0m9:00 - 10:00\u001b[0m\n                    \u001b[36m</option>\u001b[39m\n                    \u001b[36m<option>\u001b[39m\n                      \u001b[0m10:00 - 11:00\u001b[0m\n                    \u001b[36m</option>\u001b[39m\n                    \u001b[36m<option>\u001b[39m\n                      \u001b[0m11:00 - 12:00\u001b[0m\n                    \u001b[36m</option>\u001b[39m\n                    \u001b[36m<option>\u001b[39m\n                      \u001b[0m2:00 - 3:00\u001b[0m\n                    \u001b[36m</option>\u001b[39m\n                  \u001b[36m</select>\u001b[39m\n                \u001b[36m</div>\u001b[39m\n              \u001b[36m</div>\u001b[39m\n              \u001b[36m<h4\u001b[39m\n                \u001b[33mstyle\u001b[39m=\u001b[32m\"margin-top: 1rem; border-top: 1px solid rgb(237, 242, 247); padding-top: 1rem;\"\u001b[39m\n              \u001b[36m>\u001b[39m\n                \u001b[0mProposed New Time\u001b[0m\n              \u001b[36m</h4>\u001b[39m\n              \u001b[36m<div\u001b[39m\n                \u001b[33mstyle\u001b[39m=\u001b[32m\"display: flex; gap: 1rem;\"\u001b[39m\n              \u001b[36m>\u001b[39m\n                \u001b[36m<div\u001b[39m\n                  \u001b[33mclass\u001b[39m=\u001b[32m\"form-group\"\u001b[39m\n                  \u001b[33mstyle\u001b[39m=\u001b[32m\"flex: 1 1 0%;\"\u001b[39m\n                \u001b[36m>\u001b[39m\n                  \u001b[36m<label>\u001b[39m\n                    \u001b[0mTarget Date\u001b[0m\n                  \u001b[36m</label>\u001b[39m\n                  \u001b[36m<input\u001b[39m\n                    \u001b[33mrequired\u001b[39m=\u001b[32m\"\"\u001b[39m\n                    \u001b[33mtype\u001b[39m=\u001b[32m\"date\"\u001b[39m\n                    \u001b[33mvalue\u001b[39m=\u001b[32m\"\"\u001b[39m\n                  \u001b[36m/>\u001b[39m\n                \u001b[36m</div>\u001b[39m\n                \u001b[36m<div\u001b[39m\n                  \u001b[33mclass\u001b[39m=\u001b[32m\"form-group\"\u001b[39m\n                  \u001b[33mstyle\u001b[39m=\u001b[32m\"flex: 1 1 0%;\"\u001b[39m\n                \u001b[36m>\u001b[39m\n                  \u001b[36m<label>\u001b[39m\n                    \u001b[0mTarget Slot\u001b[0m\n                  \u001b[36m</label>\u001b[39m\n                  \u001b[36m<select>\u001b[39m\n                    \u001b[36m<option\u001b[39m\n                      \u001b[33mvalue\u001b[39m=\u001b[32m\"\"\u001b[39m\n                    \u001b[36m>\u001b[39m\n                      \u001b[0mSelect Slot...\u001b[0m\n                    \u001b[36m</option>\u001b[39m\n                    \u001b[36m<option>\u001b[39m\n                      \u001b[0m3:00 - 4:00 (Free)\u001b[0m\n                    \u001b[36m</option>\u001b[39m\n                    \u001b[36m<option>\u001b[39m\n                      \u001b[0m4:00 - 5:00 (Free)\u001b[0m\n                    \u001b[36m</option>\u001b[39m\n                  \u001b[36m</select>\u001b[39m\n                \u001b[36m</div>\u001b[39m\n              \u001b[36m</div>\u001b[39m\n              \u001b[36m<div\u001b[39m\n                \u001b[33mclass\u001b[39m=\u001b[32m\"form-group\"\u001b[39m\n              \u001b[36m>\u001b[39m\n                \u001b[36m<label>\u001b[39m\n                  \u001b[0mReason for Rescheduling\u001b[0m\n                \u001b[36m</label>\u001b[39m\n                \u001b[36m<textarea\u001b[39m\n                  \u001b[33mplaceholder\u001b[39m=\u001b[32m\"e.g. Festival holiday, Guest lecture clash...\"\u001b[39m\n                  \u001b[33mrequired\u001b[39m=\u001b[32m\"\"\u001b[39m\n                  \u001b[33mrows\u001b[39m=\u001b[32m\"3\"\u001b[39m\n                  \u001b[33mstyle\u001b[39m=\u001b[32m\"width: 100%; padding: 0.75rem; border: 1px solid rgb(226, 232, 240); border-radius: 6px;\"\u001b[39m\n                \u001b[36m/>\u001b[39m\n              \u001b[36m</div>\u001b[39m\n              \u001b[36m<div\u001b[39m\n                \u001b[33mclass\u001b[39m=\u001b[32m\"form-actions\"\u001b[39m\n              \u001b[36m>\u001b[39m\n                \u001b[36m<button\u001b[39m\n                  \u001b[33mclass\u001b[39m=\u001b[32m\"action-btn\"\u001b[39m\n                  \u001b[33mstyle\u001b[39m=\u001b[32m\"background-color: rgb(214, 158, 46);\"\u001b[39m\n                  \u001b[33mtype\u001b[39m=\u001b[32m\"submit\"\u001b[39m\n                \u001b[36m>\u001b[39m\n                  \u001b[0mSend Request\u001b[0m\n                \u001b[36m</button>\u001b[39m\n              \u001b[36m</div>\u001b[39m\n            \u001b[36m</form>\u001b[39m\n          \u001b[36m</div>\u001b[39m\n          \u001b[36m<div\u001b[39m\n            \u001b[33mstyle\u001b[39m=\u001b[32m\"max-width: 700px; margin: 3rem auto;\"\u001b[39m\n          \u001b[36m>\u001b[39m\n            \u001b[36m<h2\u001b[39m\n              \u001b[33mstyle\u001b[39m=\u001b[32m\"font-size: 1.5rem; border-bottom: 2px solid rgb(237, 242, 247); padding-bottom: 0.5rem;\"\u001b[39m\n            \u001b[36m>\u001b[39m\n              \u001b[0mRequest History\u001b[0m\n            \u001b[36m</h2>\u001b[39m\n            \u001b[36m<p\u001b[39m\n              \u001b[33mstyle\u001b[39m=\u001b[32m\"color: rgb(113, 128, 150); margin-top: 1rem;\"\u001b[39m\n            \u001b[36m>\u001b[39m\n              \u001b[0mNo requests submitted yet.\u001b[0m\n            \u001b[36m</p>\u001b[39m\n          \u001b[36m</div>\u001b[39m\n        \u001b[36m</div>\u001b[39m\n      \u001b[36m</div>\u001b[39m\n    \u001b[36m</body>\u001b[39m\n\u001b[2m\u001b[22m\n\u001b[2m    \u001b[0m \u001b[90m 21 |\u001b[39m     useOutletContext\u001b[33m.\u001b[39mmockReturnValue({ isCR\u001b[33m:\u001b[39m \u001b[36mfalse\u001b[39m })\u001b[33m;\u001b[39m\u001b[22m\n\u001b[2m     \u001b[90m 22 |\u001b[39m     render(\u001b[33m<\u001b[39m\u001b[33mCRReschedule\u001b[39m \u001b[33m/\u001b[39m\u001b[33m>\u001b[39m)\u001b[33m;\u001b[39m\u001b[22m\n\u001b[2m    \u001b[31m\u001b[1m>\u001b[22m\u001b[2m\u001b[39m\u001b[90m 23 |\u001b[39m     expect(screen\u001b[33m.\u001b[39mgetByText(\u001b[35m/Access Denied/i\u001b[39m))\u001b[33m.\u001b[39mtoBeInTheDocument()\u001b[33m;\u001b[39m\u001b[22m\n\u001b[2m     \u001b[90m    |\u001b[39m                   \u001b[31m\u001b[1m^\u001b[22m\u001b[2m\u001b[39m\u001b[22m\n\u001b[2m     \u001b[90m 24 |\u001b[39m   })\u001b[33m;\u001b[39m\u001b[22m\n\u001b[2m     \u001b[90m 25 |\u001b[39m\u001b[22m\n\u001b[2m     \u001b[90m 26 |\u001b[39m   test(\u001b[32m'renders the form if user is a CR'\u001b[39m\u001b[33m,\u001b[39m () \u001b[33m=>\u001b[39m {\u001b[0m\u001b[22m\n\u001b[2m\u001b[22m\n\u001b[2m      \u001b[2mat Object.getElementError (\u001b[22m\u001b[2mnode_modules/@testing-library/dom/dist/config.js\u001b[2m:37:19)\u001b[22m\u001b[2m\u001b[22m\n\u001b[2m      \u001b[2mat \u001b[22m\u001b[2mnode_modules/@testing-library/dom/dist/query-helpers.js\u001b[2m:76:38\u001b[22m\u001b[2m\u001b[22m\n\u001b[2m      \u001b[2mat \u001b[22m\u001b[2mnode_modules/@testing-library/dom/dist/query-helpers.js\u001b[2m:52:17\u001b[22m\u001b[2m\u001b[22m\n\u001b[2m      \u001b[2mat \u001b[22m\u001b[2mnode_modules/@testing-library/dom/dist/query-helpers.js\u001b[2m:95:19\u001b[22m\u001b[2m\u001b[22m\n\u001b[2m      \u001b[2mat Object.getByText (\u001b[22m\u001b[2m\u001b[0m\u001b[36msrc/components/student/__tests__/CRReschedule.test.jsx\u001b[39m\u001b[0m\u001b[2m:23:19)\u001b[22m\u001b[2m\u001b[22m\n\n\u001b[1m\u001b[31m  \u001b[1m● \u001b[22m\u001b[1mCRReschedule Basic Tests › triggers alert on valid form submission\u001b[39m\u001b[22m\n\n    \u001b[2mexpect(\u001b[22m\u001b[31mjest.fn()\u001b[39m\u001b[2m).\u001b[22mtoHaveBeenCalledWith\u001b[2m(\u001b[22m\u001b[32m...expected\u001b[39m\u001b[2m)\u001b[22m\n\n    Expected: \u001b[32m\"Rescheduling Request Sent to Faculty & Admin for approval.\"\u001b[39m\n\n    Number of calls: \u001b[31m0\u001b[39m\n\u001b[2m\u001b[22m\n\u001b[2m    \u001b[0m \u001b[90m 65 |\u001b[39m     fireEvent\u001b[33m.\u001b[39mclick(submitBtn)\u001b[33m;\u001b[39m\u001b[22m\n\u001b[2m     \u001b[90m 66 |\u001b[39m     \u001b[22m\n\u001b[2m    \u001b[31m\u001b[1m>\u001b[22m\u001b[2m\u001b[39m\u001b[90m 67 |\u001b[39m     expect(window\u001b[33m.\u001b[39malert)\u001b[33m.\u001b[39mtoHaveBeenCalledWith(\u001b[32m\"Rescheduling Request Sent to Faculty & Admin for approval.\"\u001b[39m)\u001b[33m;\u001b[39m\u001b[22m\n\u001b[2m     \u001b[90m    |\u001b[39m                          \u001b[31m\u001b[1m^\u001b[22m\u001b[2m\u001b[39m\u001b[22m\n\u001b[2m     \u001b[90m 68 |\u001b[39m   })\u001b[33m;\u001b[39m\u001b[22m\n\u001b[2m     \u001b[90m 69 |\u001b[39m\u001b[22m\n\u001b[2m     \u001b[90m 70 |\u001b[39m })\u001b[33m;\u001b[39m\u001b[0m\u001b[22m\n\u001b[2m\u001b[22m\n\u001b[2m      \u001b[2mat Object.toHaveBeenCalledWith (\u001b[22m\u001b[2m\u001b[0m\u001b[36msrc/components/student/__tests__/CRReschedule.test.jsx\u001b[39m\u001b[0m\u001b[2m:67:26)\u001b[22m\u001b[2m\u001b[22m\n","name":"C:\\Users\\Nanth\\OneDrive\\Desktop\\timetable-app\\frontend\\src\\components\\student\\__tests__\\CRReschedule.test.jsx","startTime":1773078129208,"status":"failed","summary":""},{"assertionResults":[{"ancestorTitles":["AdminFaculty"],"duration":172,"failing":false,"failureDetails":[],"failureMessages":[],"fullName":"AdminFaculty renders loading initially and then faculty data","invocations":1,"location":null,"numPassingAsserts":2,"retryReasons":[],"startAt":1773078134003,"status":"passed","title":"renders loading initially and then faculty data"},{"ancestorTitles":["AdminFaculty"],"duration":20,"failing":false,"failureDetails":[],"failureMessages":[],"fullName":"AdminFaculty shows empty state when no faculty","invocations":1,"location":null,"numPassingAsserts":1,"retryReasons":[],"startAt":1773078134175,"status":"passed","title":"shows empty state when no faculty"},{"ancestorTitles":["AdminFaculty"],"duration":48,"failing":false,"failureDetails":[],"failureMessages":[],"fullName":"AdminFaculty opens add faculty form","invocations":1,"location":null,"numPassingAsserts":1,"retryReasons":[],"startAt":1773078134195,"status":"passed","title":"opens add faculty form"},{"ancestorTitles":["AdminFaculty"],"duration":47,"failing":false,"failureDetails":[],"failureMessages":[],"fullName":"AdminFaculty calls deleteFaculty when delete button is clicked","invocations":1,"location":null,"numPassingAsserts":1,"retryReasons":[],"startAt":1773078134244,"status":"passed","title":"calls deleteFaculty when delete button is clicked"},{"ancestorTitles":["AdminFaculty"],"duration":62,"failing":false,"failureDetails":[],"failureMessages":[],"fullName":"AdminFaculty opens edit form when edit button is clicked","invocations":1,"location":null,"numPassingAsserts":1,"retryReasons":[],"startAt":1773078134291,"status":"passed","title":"opens edit form when edit button is clicked"}],"endTime":1773078134356,"message":"","name":"C:\\Users\\Nanth\\OneDrive\\Desktop\\timetable-app\\frontend\\src\\components\\admin\\__tests__\\AdminFaculty.test.jsx","startTime":1773078129160,"status":"passed","summary":""},{"assertionResults":[{"ancestorTitles":["AmritaTimetable Basic Tests"],"duration":146,"failing":false,"failureDetails":[],"failureMessages":[],"fullName":"AmritaTimetable Basic Tests renders generating preview message when previewData is passed","invocations":1,"location":null,"numPassingAsserts":3,"retryReasons":[],"startAt":1773078134062,"status":"passed","title":"renders generating preview message when previewData is passed"},{"ancestorTitles":["AmritaTimetable Basic Tests"],"duration":92,"failing":false,"failureDetails":[],"failureMessages":[],"fullName":"AmritaTimetable Basic Tests renders standard view and allows loading data","invocations":1,"location":null,"numPassingAsserts":4,"retryReasons":[],"startAt":1773078134209,"status":"passed","title":"renders standard view and allows loading data"},{"ancestorTitles":["AmritaTimetable Basic Tests"],"duration":33,"failing":false,"failureDetails":[],"failureMessages":[],"fullName":"AmritaTimetable Basic Tests correctly renders the Lunch Break rowSpan","invocations":1,"location":null,"numPassingAsserts":2,"retryReasons":[],"startAt":1773078134301,"status":"passed","title":"correctly renders the Lunch Break rowSpan"},{"ancestorTitles":["AmritaTimetable Basic Tests"],"duration":39,"failing":false,"failureDetails":[],"failureMessages":[],"fullName":"AmritaTimetable Basic Tests renders course info tables at the bottom","invocations":1,"location":null,"numPassingAsserts":3,"retryReasons":[],"startAt":1773078134334,"status":"passed","title":"renders course info tables at the bottom"},{"ancestorTitles":["AmritaTimetable Basic Tests"],"duration":74,"failing":false,"failureDetails":[],"failureMessages":[],"fullName":"AmritaTimetable Basic Tests shows empty state message when no data is found","invocations":1,"location":null,"numPassingAsserts":1,"retryReasons":[],"startAt":1773078134373,"status":"passed","title":"shows empty state message when no data is found"}],"endTime":1773078134449,"message":"","name":"C:\\Users\\Nanth\\OneDrive\\Desktop\\timetable-app\\frontend\\src\\components\\admin\\__tests__\\AmritaTimetable.test.jsx","startTime":1773078129373,"status":"passed","summary":""},{"assertionResults":[{"ancestorTitles":["StudentTimetable Basic Tests"],"duration":80,"failing":false,"failureDetails":[],"failureMessages":[],"fullName":"StudentTimetable Basic Tests renders the page header and download button","invocations":1,"location":null,"numPassingAsserts":2,"retryReasons":[],"startAt":1773078134426,"status":"passed","title":"renders the page header and download button"},{"ancestorTitles":["StudentTimetable Basic Tests"],"duration":32,"failing":false,"failureDetails":[],"failureMessages":[],"fullName":"StudentTimetable Basic Tests renders all day headers (Monday-Friday)","invocations":1,"location":null,"numPassingAsserts":5,"retryReasons":[],"startAt":1773078134506,"status":"passed","title":"renders all day headers (Monday-Friday)"},{"ancestorTitles":["StudentTimetable Basic Tests"],"duration":23,"failing":false,"failureDetails":[],"failureMessages":[],"fullName":"StudentTimetable Basic Tests renders all time slot headers","invocations":1,"location":null,"numPassingAsserts":5,"retryReasons":[],"startAt":1773078134538,"status":"passed","title":"renders all time slot headers"},{"ancestorTitles":["StudentTimetable Basic Tests"],"duration":20,"failing":false,"failureDetails":[],"failureMessages":[],"fullName":"StudentTimetable Basic Tests renders course codes and room numbers when slots are filled","invocations":1,"location":null,"numPassingAsserts":2,"retryReasons":[],"startAt":1773078134561,"status":"passed","title":"renders course codes and room numbers when slots are filled"}],"endTime":1773078134582,"message":"","name":"C:\\Users\\Nanth\\OneDrive\\Desktop\\timetable-app\\frontend\\src\\components\\student\\__tests__\\StudentTimetable.test.jsx","startTime":1773078133403,"status":"passed","summary":""},{"assertionResults":[{"ancestorTitles":["AdminCourses"],"duration":177,"failing":false,"failureDetails":[],"failureMessages":[],"fullName":"AdminCourses fetches and displays courses","invocations":1,"location":null,"numPassingAsserts":2,"retryReasons":[],"startAt":1773078133809,"status":"passed","title":"fetches and displays courses"},{"ancestorTitles":["AdminCourses"],"duration":206,"failing":false,"failureDetails":[],"failureMessages":[],"fullName":"AdminCourses elective category appears when elective selected","invocations":1,"location":null,"numPassingAsserts":1,"retryReasons":[],"startAt":1773078133987,"status":"passed","title":"elective category appears when elective selected"},{"ancestorTitles":["AdminCourses"],"duration":645,"failing":false,"failureDetails":[],"failureMessages":[],"fullName":"AdminCourses adds a new course","invocations":1,"location":null,"numPassingAsserts":1,"retryReasons":[],"startAt":1773078134193,"status":"passed","title":"adds a new course"}],"endTime":1773078134839,"message":"","name":"C:\\Users\\Nanth\\OneDrive\\Desktop\\timetable-app\\frontend\\src\\components\\admin\\__tests__\\AdminCourses.test.jsx","startTime":1773078128922,"status":"passed","summary":""},{"assertionResults":[{"ancestorTitles":["AdminCourseAssignment"],"duration":376,"failing":false,"failureDetails":[],"failureMessages":[],"fullName":"AdminCourseAssignment adds faculty to course","invocations":1,"location":null,"numPassingAsserts":2,"retryReasons":[],"startAt":1773078134203,"status":"passed","title":"adds faculty to course"},{"ancestorTitles":["AdminCourseAssignment"],"duration":136,"failing":false,"failureDetails":[],"failureMessages":[],"fullName":"AdminCourseAssignment adds class advisor","invocations":1,"location":null,"numPassingAsserts":2,"retryReasons":[],"startAt":1773078134580,"status":"passed","title":"adds class advisor"},{"ancestorTitles":["AdminCourseAssignment"],"duration":274,"failing":false,"failureDetails":[],"failureMessages":[],"fullName":"AdminCourseAssignment creates new assignment","invocations":1,"location":null,"numPassingAsserts":2,"retryReasons":[],"startAt":1773078134717,"status":"passed","title":"creates new assignment"},{"ancestorTitles":["AdminCourseAssignment"],"duration":77,"failing":false,"failureDetails":[],"failureMessages":[],"fullName":"AdminCourseAssignment edit assignment pre-fills form","invocations":1,"location":null,"numPassingAsserts":3,"retryReasons":[],"startAt":1773078134991,"status":"passed","title":"edit assignment pre-fills form"},{"ancestorTitles":["AdminCourseAssignment"],"duration":91,"failing":false,"failureDetails":[],"failureMessages":[],"fullName":"AdminCourseAssignment deletes assignment","invocations":1,"location":null,"numPassingAsserts":2,"retryReasons":[],"startAt":1773078135068,"status":"passed","title":"deletes assignment"}],"endTime":1773078135161,"message":"","name":"C:\\Users\\Nanth\\OneDrive\\Desktop\\timetable-app\\frontend\\src\\components\\admin\\__tests__\\AdminCourseAssignment.test.jsx","startTime":1773078129015,"status":"passed","summary":""}],"wasInterrupted":false}
